mode: set
github.com/seanbao/mnemonas/internal/api/errors.go:31.50,37.2 1 1
github.com/seanbao/mnemonas/internal/api/errors.go:40.55,43.2 2 0
github.com/seanbao/mnemonas/internal/api/errors.go:46.55,49.2 2 0
github.com/seanbao/mnemonas/internal/api/errors.go:52.61,56.2 3 1
github.com/seanbao/mnemonas/internal/api/errors.go:59.56,61.2 1 1
github.com/seanbao/mnemonas/internal/api/errors.go:63.54,65.2 1 1
github.com/seanbao/mnemonas/internal/api/errors.go:67.54,69.2 1 0
github.com/seanbao/mnemonas/internal/api/errors.go:71.59,73.2 1 1
github.com/seanbao/mnemonas/internal/api/errors.go:75.64,77.2 1 1
github.com/seanbao/mnemonas/internal/api/errors.go:79.58,81.2 1 0
github.com/seanbao/mnemonas/internal/api/errors.go:83.55,85.2 1 0
github.com/seanbao/mnemonas/internal/api/errors.go:97.44,103.2 1 1
github.com/seanbao/mnemonas/internal/api/errors.go:106.64,109.2 2 1
github.com/seanbao/mnemonas/internal/api/errors.go:112.61,115.2 2 0
github.com/seanbao/mnemonas/internal/api/errors.go:118.64,122.2 3 1
github.com/seanbao/mnemonas/internal/api/server.go:46.75,66.43 10 1
github.com/seanbao/mnemonas/internal/api/server.go:66.43,70.50 4 0
github.com/seanbao/mnemonas/internal/api/server.go:70.50,72.4 1 0
github.com/seanbao/mnemonas/internal/api/server.go:72.9,74.4 1 0
github.com/seanbao/mnemonas/internal/api/server.go:78.2,78.63 1 1
github.com/seanbao/mnemonas/internal/api/server.go:78.63,80.17 2 1
github.com/seanbao/mnemonas/internal/api/server.go:80.17,82.4 1 0
github.com/seanbao/mnemonas/internal/api/server.go:83.3,83.12 1 1
github.com/seanbao/mnemonas/internal/api/server.go:87.2,87.43 1 1
github.com/seanbao/mnemonas/internal/api/server.go:87.43,89.17 2 0
github.com/seanbao/mnemonas/internal/api/server.go:89.17,91.4 1 0
github.com/seanbao/mnemonas/internal/api/server.go:91.9,94.4 2 0
github.com/seanbao/mnemonas/internal/api/server.go:98.2,98.45 1 1
github.com/seanbao/mnemonas/internal/api/server.go:98.45,100.17 2 0
github.com/seanbao/mnemonas/internal/api/server.go:100.17,102.4 1 0
github.com/seanbao/mnemonas/internal/api/server.go:102.9,105.4 2 0
github.com/seanbao/mnemonas/internal/api/server.go:108.2,109.15 2 1
github.com/seanbao/mnemonas/internal/api/server.go:112.32,117.47 3 1
github.com/seanbao/mnemonas/internal/api/server.go:117.47,119.40 1 1
github.com/seanbao/mnemonas/internal/api/server.go:119.40,123.4 3 1
github.com/seanbao/mnemonas/internal/api/server.go:126.3,129.43 2 1
github.com/seanbao/mnemonas/internal/api/server.go:129.43,132.4 2 1
github.com/seanbao/mnemonas/internal/api/server.go:135.3,135.40 1 1
github.com/seanbao/mnemonas/internal/api/server.go:135.40,141.4 5 1
github.com/seanbao/mnemonas/internal/api/server.go:144.3,153.37 8 1
github.com/seanbao/mnemonas/internal/api/server.go:158.40,160.2 1 1
github.com/seanbao/mnemonas/internal/api/server.go:163.52,168.38 2 1
github.com/seanbao/mnemonas/internal/api/server.go:168.38,170.3 1 1
github.com/seanbao/mnemonas/internal/api/server.go:173.2,173.56 1 1
github.com/seanbao/mnemonas/internal/api/server.go:173.56,175.3 1 0
github.com/seanbao/mnemonas/internal/api/server.go:177.2,177.21 1 1
github.com/seanbao/mnemonas/internal/api/server.go:181.38,182.21 1 1
github.com/seanbao/mnemonas/internal/api/server.go:182.21,184.3 1 1
github.com/seanbao/mnemonas/internal/api/server.go:185.2,185.25 1 1
github.com/seanbao/mnemonas/internal/api/server.go:185.25,186.84 1 1
github.com/seanbao/mnemonas/internal/api/server.go:186.84,188.4 1 1
github.com/seanbao/mnemonas/internal/api/server.go:190.2,190.12 1 1
github.com/seanbao/mnemonas/internal/api/server.go:195.71,203.53 2 1
github.com/seanbao/mnemonas/internal/api/server.go:203.53,206.59 3 0
github.com/seanbao/mnemonas/internal/api/server.go:206.59,212.4 1 0
github.com/seanbao/mnemonas/internal/api/server.go:212.9,217.4 1 0
github.com/seanbao/mnemonas/internal/api/server.go:220.2,220.34 1 1
github.com/seanbao/mnemonas/internal/api/server.go:223.72,229.2 1 1
github.com/seanbao/mnemonas/internal/api/server.go:231.74,233.20 2 1
github.com/seanbao/mnemonas/internal/api/server.go:233.20,235.3 1 1
github.com/seanbao/mnemonas/internal/api/server.go:238.2,239.16 2 1
github.com/seanbao/mnemonas/internal/api/server.go:239.16,242.3 2 1
github.com/seanbao/mnemonas/internal/api/server.go:244.2,244.17 1 1
github.com/seanbao/mnemonas/internal/api/server.go:244.17,247.3 2 0
github.com/seanbao/mnemonas/internal/api/server.go:250.2,251.16 2 1
github.com/seanbao/mnemonas/internal/api/server.go:251.16,254.3 2 0
github.com/seanbao/mnemonas/internal/api/server.go:257.2,258.26 2 1
github.com/seanbao/mnemonas/internal/api/server.go:258.26,265.38 2 1
github.com/seanbao/mnemonas/internal/api/server.go:265.38,268.4 2 1
github.com/seanbao/mnemonas/internal/api/server.go:269.3,269.30 1 1
github.com/seanbao/mnemonas/internal/api/server.go:272.2,275.28 1 1
github.com/seanbao/mnemonas/internal/api/server.go:278.75,283.16 3 1
github.com/seanbao/mnemonas/internal/api/server.go:283.16,286.3 2 1
github.com/seanbao/mnemonas/internal/api/server.go:288.2,288.17 1 1
github.com/seanbao/mnemonas/internal/api/server.go:288.17,291.3 2 0
github.com/seanbao/mnemonas/internal/api/server.go:294.2,296.70 2 1
github.com/seanbao/mnemonas/internal/api/server.go:296.70,299.3 2 0
github.com/seanbao/mnemonas/internal/api/server.go:301.2,303.75 1 1
github.com/seanbao/mnemonas/internal/api/server.go:306.75,311.16 3 1
github.com/seanbao/mnemonas/internal/api/server.go:311.16,314.3 2 0
github.com/seanbao/mnemonas/internal/api/server.go:316.2,316.17 1 1
github.com/seanbao/mnemonas/internal/api/server.go:316.17,319.3 2 0
github.com/seanbao/mnemonas/internal/api/server.go:321.2,321.59 1 1
github.com/seanbao/mnemonas/internal/api/server.go:321.59,323.49 1 1
github.com/seanbao/mnemonas/internal/api/server.go:323.49,326.4 2 1
github.com/seanbao/mnemonas/internal/api/server.go:327.3,328.9 2 0
github.com/seanbao/mnemonas/internal/api/server.go:331.2,333.69 1 1
github.com/seanbao/mnemonas/internal/api/server.go:336.77,341.16 3 1
github.com/seanbao/mnemonas/internal/api/server.go:341.16,344.3 2 1
github.com/seanbao/mnemonas/internal/api/server.go:346.2,346.17 1 1
github.com/seanbao/mnemonas/internal/api/server.go:346.17,349.3 2 0
github.com/seanbao/mnemonas/internal/api/server.go:351.2,352.16 2 1
github.com/seanbao/mnemonas/internal/api/server.go:352.16,355.3 2 1
github.com/seanbao/mnemonas/internal/api/server.go:358.2,359.29 2 1
github.com/seanbao/mnemonas/internal/api/server.go:359.29,366.22 2 1
github.com/seanbao/mnemonas/internal/api/server.go:366.22,368.4 1 0
github.com/seanbao/mnemonas/internal/api/server.go:369.3,369.30 1 1
github.com/seanbao/mnemonas/internal/api/server.go:372.2,375.28 1 1
github.com/seanbao/mnemonas/internal/api/server.go:378.79,382.43 2 1
github.com/seanbao/mnemonas/internal/api/server.go:382.43,385.3 2 1
github.com/seanbao/mnemonas/internal/api/server.go:388.2,389.20 2 1
github.com/seanbao/mnemonas/internal/api/server.go:389.20,392.3 2 1
github.com/seanbao/mnemonas/internal/api/server.go:395.2,396.16 2 1
github.com/seanbao/mnemonas/internal/api/server.go:396.16,399.3 2 0
github.com/seanbao/mnemonas/internal/api/server.go:401.2,401.17 1 1
github.com/seanbao/mnemonas/internal/api/server.go:401.17,404.3 2 0
github.com/seanbao/mnemonas/internal/api/server.go:406.2,406.73 1 1
github.com/seanbao/mnemonas/internal/api/server.go:406.73,409.3 2 0
github.com/seanbao/mnemonas/internal/api/server.go:411.2,414.73 1 1
github.com/seanbao/mnemonas/internal/api/server.go:417.70,427.53 2 1
github.com/seanbao/mnemonas/internal/api/server.go:427.53,430.57 3 0
github.com/seanbao/mnemonas/internal/api/server.go:430.57,435.4 4 0
github.com/seanbao/mnemonas/internal/api/server.go:438.2,438.33 1 1
github.com/seanbao/mnemonas/internal/api/server.go:441.76,475.17 7 1
github.com/seanbao/mnemonas/internal/api/server.go:475.17,484.3 5 1
github.com/seanbao/mnemonas/internal/api/server.go:487.2,487.53 1 1
github.com/seanbao/mnemonas/internal/api/server.go:487.53,490.57 3 0
github.com/seanbao/mnemonas/internal/api/server.go:490.57,497.4 1 0
github.com/seanbao/mnemonas/internal/api/server.go:498.3,498.59 1 0
github.com/seanbao/mnemonas/internal/api/server.go:498.59,504.4 1 0
github.com/seanbao/mnemonas/internal/api/server.go:507.2,507.32 1 1
github.com/seanbao/mnemonas/internal/api/server.go:510.70,511.54 1 1
github.com/seanbao/mnemonas/internal/api/server.go:511.54,514.3 2 1
github.com/seanbao/mnemonas/internal/api/server.go:517.2,517.60 1 0
github.com/seanbao/mnemonas/internal/api/server.go:517.60,520.3 2 0
github.com/seanbao/mnemonas/internal/api/server.go:523.2,529.25 3 0
github.com/seanbao/mnemonas/internal/api/server.go:529.25,530.62 1 0
github.com/seanbao/mnemonas/internal/api/server.go:530.62,533.4 2 0
github.com/seanbao/mnemonas/internal/api/server.go:537.2,538.26 2 0
github.com/seanbao/mnemonas/internal/api/server.go:538.26,540.3 1 0
github.com/seanbao/mnemonas/internal/api/server.go:543.2,547.16 4 0
github.com/seanbao/mnemonas/internal/api/server.go:547.16,549.49 1 0
github.com/seanbao/mnemonas/internal/api/server.go:549.49,555.4 5 0
github.com/seanbao/mnemonas/internal/api/server.go:556.3,557.9 2 0
github.com/seanbao/mnemonas/internal/api/server.go:561.2,563.34 3 0
github.com/seanbao/mnemonas/internal/api/server.go:563.34,574.3 2 0
github.com/seanbao/mnemonas/internal/api/server.go:577.2,577.48 1 0
github.com/seanbao/mnemonas/internal/api/server.go:577.48,588.3 10 0
github.com/seanbao/mnemonas/internal/api/server.go:590.2,598.28 1 0
github.com/seanbao/mnemonas/internal/api/server.go:601.76,602.54 1 1
github.com/seanbao/mnemonas/internal/api/server.go:602.54,605.3 2 1
github.com/seanbao/mnemonas/internal/api/server.go:608.2,611.20 4 0
github.com/seanbao/mnemonas/internal/api/server.go:611.20,612.59 1 0
github.com/seanbao/mnemonas/internal/api/server.go:612.59,614.4 1 0
github.com/seanbao/mnemonas/internal/api/server.go:617.2,621.16 4 0
github.com/seanbao/mnemonas/internal/api/server.go:621.16,624.3 2 0
github.com/seanbao/mnemonas/internal/api/server.go:626.2,627.35 2 0
github.com/seanbao/mnemonas/internal/api/server.go:627.35,632.3 1 0
github.com/seanbao/mnemonas/internal/api/server.go:634.2,638.29 2 0
github.com/seanbao/mnemonas/internal/api/server.go:638.29,640.3 1 0
github.com/seanbao/mnemonas/internal/api/server.go:642.2,642.46 1 0
github.com/seanbao/mnemonas/internal/api/server.go:645.67,646.54 1 1
github.com/seanbao/mnemonas/internal/api/server.go:646.54,649.3 2 1
github.com/seanbao/mnemonas/internal/api/server.go:651.2,651.17 1 0
github.com/seanbao/mnemonas/internal/api/server.go:651.17,654.3 2 0
github.com/seanbao/mnemonas/internal/api/server.go:657.2,657.28 1 0
github.com/seanbao/mnemonas/internal/api/server.go:657.28,660.3 2 0
github.com/seanbao/mnemonas/internal/api/server.go:661.2,669.67 5 0
github.com/seanbao/mnemonas/internal/api/server.go:669.67,670.66 1 0
github.com/seanbao/mnemonas/internal/api/server.go:670.66,672.4 1 0
github.com/seanbao/mnemonas/internal/api/server.go:674.2,678.16 3 0
github.com/seanbao/mnemonas/internal/api/server.go:678.16,681.3 2 0
github.com/seanbao/mnemonas/internal/api/server.go:684.2,686.6 3 0
github.com/seanbao/mnemonas/internal/api/server.go:686.6,688.17 2 0
github.com/seanbao/mnemonas/internal/api/server.go:688.17,691.4 2 0
github.com/seanbao/mnemonas/internal/api/server.go:692.3,693.30 2 0
github.com/seanbao/mnemonas/internal/api/server.go:693.30,694.9 1 0
github.com/seanbao/mnemonas/internal/api/server.go:696.3,696.29 1 0
github.com/seanbao/mnemonas/internal/api/server.go:700.2,701.37 2 0
github.com/seanbao/mnemonas/internal/api/server.go:701.37,703.3 1 0
github.com/seanbao/mnemonas/internal/api/server.go:705.2,708.33 4 0
github.com/seanbao/mnemonas/internal/api/server.go:708.33,709.44 1 0
github.com/seanbao/mnemonas/internal/api/server.go:709.44,711.67 1 0
github.com/seanbao/mnemonas/internal/api/server.go:711.67,713.13 2 0
github.com/seanbao/mnemonas/internal/api/server.go:715.4,716.32 2 0
github.com/seanbao/mnemonas/internal/api/server.go:721.2,724.13 3 0
github.com/seanbao/mnemonas/internal/api/server.go:724.13,725.37 1 0
github.com/seanbao/mnemonas/internal/api/server.go:725.37,727.18 2 0
github.com/seanbao/mnemonas/internal/api/server.go:727.18,729.13 2 0
github.com/seanbao/mnemonas/internal/api/server.go:731.4,731.15 1 0
github.com/seanbao/mnemonas/internal/api/server.go:731.15,733.5 1 0
github.com/seanbao/mnemonas/internal/api/server.go:737.2,746.28 1 0
github.com/seanbao/mnemonas/internal/api/server.go:749.79,750.26 1 1
github.com/seanbao/mnemonas/internal/api/server.go:750.26,753.3 2 1
github.com/seanbao/mnemonas/internal/api/server.go:755.2,756.19 2 0
github.com/seanbao/mnemonas/internal/api/server.go:756.19,762.3 2 0
github.com/seanbao/mnemonas/internal/api/server.go:765.2,766.34 2 0
github.com/seanbao/mnemonas/internal/api/server.go:766.34,772.3 1 0
github.com/seanbao/mnemonas/internal/api/server.go:774.2,788.28 1 0
github.com/seanbao/mnemonas/internal/api/server.go:791.82,816.17 5 1
github.com/seanbao/mnemonas/internal/api/server.go:816.17,825.3 5 1
github.com/seanbao/mnemonas/internal/api/server.go:828.2,828.53 1 1
github.com/seanbao/mnemonas/internal/api/server.go:828.53,831.59 3 0
github.com/seanbao/mnemonas/internal/api/server.go:831.59,833.4 1 0
github.com/seanbao/mnemonas/internal/api/server.go:834.3,834.57 1 0
github.com/seanbao/mnemonas/internal/api/server.go:834.57,838.4 3 0
github.com/seanbao/mnemonas/internal/api/server.go:839.3,840.31 2 0
github.com/seanbao/mnemonas/internal/api/server.go:844.2,844.26 1 1
github.com/seanbao/mnemonas/internal/api/server.go:844.26,845.66 1 0
github.com/seanbao/mnemonas/internal/api/server.go:845.66,855.32 2 0
github.com/seanbao/mnemonas/internal/api/server.go:855.32,857.5 1 0
github.com/seanbao/mnemonas/internal/api/server.go:858.4,858.33 1 0
github.com/seanbao/mnemonas/internal/api/server.go:858.33,860.5 1 0
github.com/seanbao/mnemonas/internal/api/server.go:861.4,861.30 1 0
github.com/seanbao/mnemonas/internal/api/server.go:861.30,863.5 1 0
github.com/seanbao/mnemonas/internal/api/server.go:864.4,864.36 1 0
github.com/seanbao/mnemonas/internal/api/server.go:869.2,871.34 3 1
github.com/seanbao/mnemonas/internal/api/server.go:874.72,901.2 3 1
github.com/seanbao/mnemonas/internal/api/server.go:905.68,909.2 3 1
github.com/seanbao/mnemonas/internal/api/server.go:911.44,914.2 2 0
github.com/seanbao/mnemonas/internal/api/server.go:917.84,918.46 1 1
github.com/seanbao/mnemonas/internal/api/server.go:918.46,919.72 1 1
github.com/seanbao/mnemonas/internal/api/server.go:919.72,923.17 3 1
github.com/seanbao/mnemonas/internal/api/server.go:923.17,932.5 1 1
github.com/seanbao/mnemonas/internal/api/server.go:934.4,934.25 1 1
github.com/seanbao/mnemonas/internal/api/server.go:941.74,942.17 1 1
github.com/seanbao/mnemonas/internal/api/server.go:942.17,945.3 2 0
github.com/seanbao/mnemonas/internal/api/server.go:947.2,948.16 2 1
github.com/seanbao/mnemonas/internal/api/server.go:948.16,951.3 2 0
github.com/seanbao/mnemonas/internal/api/server.go:954.2,958.29 3 1
github.com/seanbao/mnemonas/internal/api/server.go:958.29,967.62 2 1
github.com/seanbao/mnemonas/internal/api/server.go:967.62,970.4 2 1
github.com/seanbao/mnemonas/internal/api/server.go:971.3,971.39 1 1
github.com/seanbao/mnemonas/internal/api/server.go:974.2,978.28 1 1
github.com/seanbao/mnemonas/internal/api/server.go:981.77,982.17 1 1
github.com/seanbao/mnemonas/internal/api/server.go:982.17,985.3 2 0
github.com/seanbao/mnemonas/internal/api/server.go:987.2,988.14 2 1
github.com/seanbao/mnemonas/internal/api/server.go:988.14,991.3 2 0
github.com/seanbao/mnemonas/internal/api/server.go:993.2,994.16 2 1
github.com/seanbao/mnemonas/internal/api/server.go:994.16,997.3 2 1
github.com/seanbao/mnemonas/internal/api/server.go:999.2,1008.28 1 1
github.com/seanbao/mnemonas/internal/api/server.go:1011.81,1012.17 1 1
github.com/seanbao/mnemonas/internal/api/server.go:1012.17,1015.3 2 0
github.com/seanbao/mnemonas/internal/api/server.go:1017.2,1018.14 2 1
github.com/seanbao/mnemonas/internal/api/server.go:1018.14,1021.3 2 0
github.com/seanbao/mnemonas/internal/api/server.go:1024.2,1027.19 3 1
github.com/seanbao/mnemonas/internal/api/server.go:1027.19,1030.17 2 0
github.com/seanbao/mnemonas/internal/api/server.go:1030.17,1033.4 2 0
github.com/seanbao/mnemonas/internal/api/server.go:1034.3,1034.58 1 0
github.com/seanbao/mnemonas/internal/api/server.go:1035.8,1038.3 1 1
github.com/seanbao/mnemonas/internal/api/server.go:1040.2,1040.16 1 1
github.com/seanbao/mnemonas/internal/api/server.go:1040.16,1043.52 1 1
github.com/seanbao/mnemonas/internal/api/server.go:1043.52,1046.4 2 0
github.com/seanbao/mnemonas/internal/api/server.go:1047.3,1048.9 2 1
github.com/seanbao/mnemonas/internal/api/server.go:1051.2,1054.70 1 1
github.com/seanbao/mnemonas/internal/api/server.go:1057.80,1058.17 1 1
github.com/seanbao/mnemonas/internal/api/server.go:1058.17,1061.3 2 0
github.com/seanbao/mnemonas/internal/api/server.go:1063.2,1064.14 2 1
github.com/seanbao/mnemonas/internal/api/server.go:1064.14,1067.3 2 0
github.com/seanbao/mnemonas/internal/api/server.go:1069.2,1069.62 1 1
github.com/seanbao/mnemonas/internal/api/server.go:1069.62,1072.3 2 1
github.com/seanbao/mnemonas/internal/api/server.go:1074.2,1077.68 1 1
github.com/seanbao/mnemonas/internal/api/server.go:1080.75,1081.17 1 1
github.com/seanbao/mnemonas/internal/api/server.go:1081.17,1084.3 2 0
github.com/seanbao/mnemonas/internal/api/server.go:1086.2,1087.16 2 1
github.com/seanbao/mnemonas/internal/api/server.go:1087.16,1090.3 2 0
github.com/seanbao/mnemonas/internal/api/server.go:1092.2,1094.70 1 1
github.com/seanbao/mnemonas/internal/api/server.go:1099.74,1100.17 1 1
github.com/seanbao/mnemonas/internal/api/server.go:1100.17,1103.3 2 0
github.com/seanbao/mnemonas/internal/api/server.go:1105.2,1105.24 1 1
github.com/seanbao/mnemonas/internal/api/server.go:1105.24,1108.3 2 1
github.com/seanbao/mnemonas/internal/api/server.go:1110.2,1114.16 3 0
github.com/seanbao/mnemonas/internal/api/server.go:1114.16,1117.3 2 0
github.com/seanbao/mnemonas/internal/api/server.go:1120.2,1120.43 1 0
github.com/seanbao/mnemonas/internal/api/server.go:1120.43,1123.3 2 0
github.com/seanbao/mnemonas/internal/api/server.go:1126.2,1128.19 3 0
github.com/seanbao/mnemonas/internal/api/server.go:1129.20,1130.29 1 0
github.com/seanbao/mnemonas/internal/api/server.go:1131.20,1132.29 1 0
github.com/seanbao/mnemonas/internal/api/server.go:1133.10,1134.30 1 0
github.com/seanbao/mnemonas/internal/api/server.go:1138.2,1139.16 2 0
github.com/seanbao/mnemonas/internal/api/server.go:1139.16,1142.3 2 0
github.com/seanbao/mnemonas/internal/api/server.go:1143.2,1147.16 3 0
github.com/seanbao/mnemonas/internal/api/server.go:1147.16,1152.3 3 0
github.com/seanbao/mnemonas/internal/api/server.go:1155.2,1159.15 5 0
