{"/home/seanbao/work/github/mnemonas/web/src/api/files.ts": {"path":"/home/seanbao/work/github/mnemonas/web/src/api/files.ts","statementMap":{"0":{"start":{"line":6,"column":17},"end":{"line":6,"column":null}},"1":{"start":{"line":22,"column":2},"end":{"line":26,"column":null}},"2":{"start":{"line":93,"column":4},"end":{"line":93,"column":null}},"3":{"start":{"line":94,"column":4},"end":{"line":94,"column":null}},"4":{"start":{"line":95,"column":4},"end":{"line":95,"column":null}},"5":{"start":{"line":96,"column":4},"end":{"line":96,"column":null}},"6":{"start":{"line":100,"column":4},"end":{"line":100,"column":null}},"7":{"start":{"line":104,"column":4},"end":{"line":104,"column":null}},"8":{"start":{"line":108,"column":4},"end":{"line":108,"column":null}},"9":{"start":{"line":112,"column":4},"end":{"line":112,"column":null}},"10":{"start":{"line":118,"column":2},"end":{"line":132,"column":null}},"11":{"start":{"line":119,"column":18},"end":{"line":119,"column":null}},"12":{"start":{"line":120,"column":4},"end":{"line":130,"column":null}},"13":{"start":{"line":121,"column":19},"end":{"line":121,"column":null}},"14":{"start":{"line":122,"column":6},"end":{"line":126,"column":null}},"15":{"start":{"line":123,"column":8},"end":{"line":123,"column":null}},"16":{"start":{"line":124,"column":6},"end":{"line":126,"column":null}},"17":{"start":{"line":125,"column":8},"end":{"line":125,"column":null}},"18":{"start":{"line":129,"column":6},"end":{"line":129,"column":null}},"19":{"start":{"line":131,"column":4},"end":{"line":131,"column":null}},"20":{"start":{"line":134,"column":2},"end":{"line":138,"column":null}},"21":{"start":{"line":135,"column":4},"end":{"line":135,"column":null}},"22":{"start":{"line":137,"column":4},"end":{"line":137,"column":null}},"23":{"start":{"line":151,"column":8},"end":{"line":151,"column":null}},"24":{"start":{"line":152,"column":8},"end":{"line":152,"column":null}},"25":{"start":{"line":153,"column":19},"end":{"line":153,"column":null}},"26":{"start":{"line":154,"column":17},"end":{"line":154,"column":null}},"27":{"start":{"line":155,"column":2},"end":{"line":155,"column":null}},"28":{"start":{"line":160,"column":8},"end":{"line":160,"column":null}},"29":{"start":{"line":161,"column":8},"end":{"line":161,"column":null}},"30":{"start":{"line":162,"column":19},"end":{"line":162,"column":null}},"31":{"start":{"line":163,"column":17},"end":{"line":163,"column":null}},"32":{"start":{"line":164,"column":2},"end":{"line":164,"column":null}},"33":{"start":{"line":169,"column":8},"end":{"line":169,"column":null}},"34":{"start":{"line":170,"column":8},"end":{"line":170,"column":null}},"35":{"start":{"line":171,"column":19},"end":{"line":173,"column":null}},"36":{"start":{"line":174,"column":2},"end":{"line":176,"column":null}},"37":{"start":{"line":175,"column":4},"end":{"line":175,"column":null}},"38":{"start":{"line":181,"column":19},"end":{"line":181,"column":null}},"39":{"start":{"line":182,"column":2},"end":{"line":184,"column":null}},"40":{"start":{"line":183,"column":4},"end":{"line":183,"column":null}},"41":{"start":{"line":185,"column":15},"end":{"line":185,"column":null}},"42":{"start":{"line":186,"column":2},"end":{"line":190,"column":null}},"43":{"start":{"line":195,"column":19},"end":{"line":195,"column":null}},"44":{"start":{"line":196,"column":2},"end":{"line":198,"column":null}},"45":{"start":{"line":197,"column":4},"end":{"line":197,"column":null}},"46":{"start":{"line":199,"column":2},"end":{"line":199,"column":null}},"47":{"start":{"line":204,"column":19},"end":{"line":204,"column":null}},"48":{"start":{"line":205,"column":2},"end":{"line":207,"column":null}},"49":{"start":{"line":206,"column":4},"end":{"line":206,"column":null}},"50":{"start":{"line":208,"column":15},"end":{"line":208,"column":null}},"51":{"start":{"line":209,"column":2},"end":{"line":241,"column":null}},"52":{"start":{"line":246,"column":8},"end":{"line":246,"column":null}},"53":{"start":{"line":247,"column":8},"end":{"line":247,"column":null}},"54":{"start":{"line":248,"column":19},"end":{"line":250,"column":null}},"55":{"start":{"line":251,"column":2},"end":{"line":253,"column":null}},"56":{"start":{"line":252,"column":4},"end":{"line":252,"column":null}},"57":{"start":{"line":263,"column":8},"end":{"line":263,"column":null}},"58":{"start":{"line":264,"column":8},"end":{"line":264,"column":null}},"59":{"start":{"line":265,"column":8},"end":{"line":265,"column":null}},"60":{"start":{"line":266,"column":26},"end":{"line":266,"column":null}},"61":{"start":{"line":268,"column":2},"end":{"line":295,"column":null}},"62":{"start":{"line":269,"column":16},"end":{"line":269,"column":null}},"63":{"start":{"line":271,"column":4},"end":{"line":275,"column":null}},"64":{"start":{"line":272,"column":6},"end":{"line":274,"column":null}},"65":{"start":{"line":273,"column":8},"end":{"line":273,"column":null}},"66":{"start":{"line":277,"column":4},"end":{"line":283,"column":null}},"67":{"start":{"line":278,"column":6},"end":{"line":282,"column":null}},"68":{"start":{"line":279,"column":8},"end":{"line":279,"column":null}},"69":{"start":{"line":281,"column":8},"end":{"line":281,"column":null}},"70":{"start":{"line":285,"column":4},"end":{"line":287,"column":null}},"71":{"start":{"line":286,"column":6},"end":{"line":286,"column":null}},"72":{"start":{"line":289,"column":4},"end":{"line":291,"column":null}},"73":{"start":{"line":290,"column":6},"end":{"line":290,"column":null}},"74":{"start":{"line":293,"column":4},"end":{"line":293,"column":null}},"75":{"start":{"line":294,"column":4},"end":{"line":294,"column":null}},"76":{"start":{"line":300,"column":8},"end":{"line":300,"column":null}},"77":{"start":{"line":301,"column":8},"end":{"line":301,"column":null}},"78":{"start":{"line":302,"column":2},"end":{"line":302,"column":null}},"79":{"start":{"line":309,"column":8},"end":{"line":309,"column":null}},"80":{"start":{"line":310,"column":8},"end":{"line":310,"column":null}},"81":{"start":{"line":311,"column":2},"end":{"line":311,"column":null}},"82":{"start":{"line":316,"column":8},"end":{"line":316,"column":null}},"83":{"start":{"line":317,"column":8},"end":{"line":317,"column":null}},"84":{"start":{"line":318,"column":8},"end":{"line":318,"column":null}},"85":{"start":{"line":320,"column":19},"end":{"line":325,"column":null}},"86":{"start":{"line":326,"column":2},"end":{"line":328,"column":null}},"87":{"start":{"line":327,"column":4},"end":{"line":327,"column":null}},"88":{"start":{"line":333,"column":8},"end":{"line":333,"column":null}},"89":{"start":{"line":334,"column":22},"end":{"line":334,"column":null}},"90":{"start":{"line":335,"column":19},"end":{"line":337,"column":null}},"91":{"start":{"line":338,"column":2},"end":{"line":340,"column":null}},"92":{"start":{"line":339,"column":4},"end":{"line":339,"column":null}},"93":{"start":{"line":345,"column":19},"end":{"line":347,"column":null}},"94":{"start":{"line":348,"column":2},"end":{"line":350,"column":null}},"95":{"start":{"line":349,"column":4},"end":{"line":349,"column":null}},"96":{"start":{"line":355,"column":19},"end":{"line":357,"column":null}},"97":{"start":{"line":358,"column":2},"end":{"line":360,"column":null}},"98":{"start":{"line":359,"column":4},"end":{"line":359,"column":null}},"99":{"start":{"line":384,"column":19},"end":{"line":384,"column":null}},"100":{"start":{"line":385,"column":17},"end":{"line":398,"column":null}},"101":{"start":{"line":400,"column":2},"end":{"line":413,"column":null}},"102":{"start":{"line":401,"column":42},"end":{"line":410,"column":6}},"103":{"start":{"line":418,"column":14},"end":{"line":420,"column":null}},"104":{"start":{"line":422,"column":19},"end":{"line":424,"column":null}},"105":{"start":{"line":425,"column":2},"end":{"line":432,"column":null}},"106":{"start":{"line":426,"column":18},"end":{"line":426,"column":null}},"107":{"start":{"line":427,"column":4},"end":{"line":430,"column":null}},"108":{"start":{"line":428,"column":19},"end":{"line":428,"column":null}},"109":{"start":{"line":429,"column":6},"end":{"line":429,"column":null}},"110":{"start":{"line":429,"column":24},"end":{"line":429,"column":null}},"111":{"start":{"line":431,"column":4},"end":{"line":431,"column":null}},"112":{"start":{"line":437,"column":19},"end":{"line":439,"column":null}},"113":{"start":{"line":440,"column":2},"end":{"line":442,"column":null}},"114":{"start":{"line":441,"column":4},"end":{"line":441,"column":null}},"115":{"start":{"line":447,"column":19},"end":{"line":449,"column":null}},"116":{"start":{"line":450,"column":17},"end":{"line":450,"column":null}},"117":{"start":{"line":451,"column":2},"end":{"line":451,"column":null}},"118":{"start":{"line":481,"column":19},"end":{"line":481,"column":null}},"119":{"start":{"line":482,"column":17},"end":{"line":482,"column":null}},"120":{"start":{"line":483,"column":2},"end":{"line":483,"column":null}},"121":{"start":{"line":488,"column":19},"end":{"line":492,"column":null}},"122":{"start":{"line":493,"column":17},"end":{"line":493,"column":null}},"123":{"start":{"line":494,"column":2},"end":{"line":497,"column":null}},"124":{"start":{"line":502,"column":19},"end":{"line":502,"column":null}},"125":{"start":{"line":503,"column":2},"end":{"line":505,"column":null}},"126":{"start":{"line":504,"column":4},"end":{"line":504,"column":null}},"127":{"start":{"line":508,"column":29},"end":{"line":508,"column":null}},"128":{"start":{"line":509,"column":17},"end":{"line":509,"column":null}},"129":{"start":{"line":510,"column":2},"end":{"line":513,"column":null}},"130":{"start":{"line":511,"column":18},"end":{"line":511,"column":null}},"131":{"start":{"line":512,"column":4},"end":{"line":512,"column":null}},"132":{"start":{"line":512,"column":15},"end":{"line":512,"column":null}},"133":{"start":{"line":515,"column":15},"end":{"line":515,"column":null}},"134":{"start":{"line":516,"column":14},"end":{"line":516,"column":null}},"135":{"start":{"line":517,"column":12},"end":{"line":517,"column":null}},"136":{"start":{"line":518,"column":2},"end":{"line":518,"column":null}},"137":{"start":{"line":519,"column":2},"end":{"line":519,"column":null}},"138":{"start":{"line":520,"column":2},"end":{"line":520,"column":null}},"139":{"start":{"line":521,"column":2},"end":{"line":521,"column":null}},"140":{"start":{"line":522,"column":2},"end":{"line":522,"column":null}},"141":{"start":{"line":523,"column":2},"end":{"line":523,"column":null}}},"fnMap":{"0":{"name":"versionToDisplayFormat","decl":{"start":{"line":21,"column":16},"end":{"line":21,"column":39}},"loc":{"start":{"line":21,"column":104},"end":{"line":27,"column":null}},"line":21},"1":{"name":"(anonymous_1)","decl":{"start":{"line":88,"column":2},"end":{"line":88,"column":null}},"loc":{"start":{"line":92,"column":4},"end":{"line":97,"column":null}},"line":92},"2":{"name":"(anonymous_2)","decl":{"start":{"line":99,"column":6},"end":{"line":99,"column":28}},"loc":{"start":{"line":99,"column":28},"end":{"line":101,"column":null}},"line":99},"3":{"name":"(anonymous_3)","decl":{"start":{"line":103,"column":6},"end":{"line":103,"column":32}},"loc":{"start":{"line":103,"column":32},"end":{"line":105,"column":null}},"line":103},"4":{"name":"(anonymous_4)","decl":{"start":{"line":107,"column":6},"end":{"line":107,"column":29}},"loc":{"start":{"line":107,"column":29},"end":{"line":109,"column":null}},"line":107},"5":{"name":"(anonymous_5)","decl":{"start":{"line":111,"column":6},"end":{"line":111,"column":31}},"loc":{"start":{"line":111,"column":31},"end":{"line":113,"column":null}},"line":111},"6":{"name":"handleResponse","decl":{"start":{"line":117,"column":15},"end":{"line":117,"column":33}},"loc":{"start":{"line":117,"column":86},"end":{"line":139,"column":null}},"line":117},"7":{"name":"listFiles","decl":{"start":{"line":150,"column":22},"end":{"line":150,"column":32}},"loc":{"start":{"line":150,"column":73},"end":{"line":156,"column":null}},"line":150},"8":{"name":"getVersions","decl":{"start":{"line":159,"column":22},"end":{"line":159,"column":34}},"loc":{"start":{"line":159,"column":72},"end":{"line":165,"column":null}},"line":159},"9":{"name":"deleteFile","decl":{"start":{"line":168,"column":22},"end":{"line":168,"column":33}},"loc":{"start":{"line":168,"column":62},"end":{"line":177,"column":null}},"line":168},"10":{"name":"getStorageStats","decl":{"start":{"line":180,"column":22},"end":{"line":180,"column":63}},"loc":{"start":{"line":180,"column":63},"end":{"line":191,"column":null}},"line":180},"11":{"name":"getHealth","decl":{"start":{"line":194,"column":22},"end":{"line":194,"column":57}},"loc":{"start":{"line":194,"column":57},"end":{"line":200,"column":null}},"line":194},"12":{"name":"getDiagnostics","decl":{"start":{"line":203,"column":22},"end":{"line":203,"column":65}},"loc":{"start":{"line":203,"column":65},"end":{"line":242,"column":null}},"line":203},"13":{"name":"createDirectory","decl":{"start":{"line":245,"column":22},"end":{"line":245,"column":38}},"loc":{"start":{"line":245,"column":67},"end":{"line":254,"column":null}},"line":245},"14":{"name":"uploadFile","decl":{"start":{"line":257,"column":22},"end":{"line":257,"column":null}},"loc":{"start":{"line":261,"column":17},"end":{"line":296,"column":null}},"line":261},"15":{"name":"(anonymous_15)","decl":{"start":{"line":268,"column":21},"end":{"line":268,"column":22}},"loc":{"start":{"line":268,"column":42},"end":{"line":295,"column":3}},"line":268},"16":{"name":"(anonymous_16)","decl":{"start":{"line":271,"column":44},"end":{"line":271,"column":45}},"loc":{"start":{"line":271,"column":51},"end":{"line":275,"column":5}},"line":271},"17":{"name":"(anonymous_17)","decl":{"start":{"line":277,"column":33},"end":{"line":277,"column":39}},"loc":{"start":{"line":277,"column":39},"end":{"line":283,"column":5}},"line":277},"18":{"name":"(anonymous_18)","decl":{"start":{"line":285,"column":34},"end":{"line":285,"column":40}},"loc":{"start":{"line":285,"column":40},"end":{"line":287,"column":5}},"line":285},"19":{"name":"(anonymous_19)","decl":{"start":{"line":289,"column":36},"end":{"line":289,"column":42}},"loc":{"start":{"line":289,"column":42},"end":{"line":291,"column":5}},"line":289},"20":{"name":"getDownloadUrl","decl":{"start":{"line":299,"column":16},"end":{"line":299,"column":31}},"loc":{"start":{"line":299,"column":53},"end":{"line":303,"column":null}},"line":299},"21":{"name":"getThumbnailUrl","decl":{"start":{"line":308,"column":16},"end":{"line":308,"column":32}},"loc":{"start":{"line":308,"column":86},"end":{"line":312,"column":null}},"line":308},"22":{"name":"moveFile","decl":{"start":{"line":315,"column":22},"end":{"line":315,"column":31}},"loc":{"start":{"line":315,"column":80},"end":{"line":329,"column":null}},"line":315},"23":{"name":"restoreVersion","decl":{"start":{"line":332,"column":22},"end":{"line":332,"column":37}},"loc":{"start":{"line":332,"column":80},"end":{"line":341,"column":null}},"line":332},"24":{"name":"scrubData","decl":{"start":{"line":344,"column":22},"end":{"line":344,"column":49}},"loc":{"start":{"line":344,"column":49},"end":{"line":351,"column":null}},"line":344},"25":{"name":"runGC","decl":{"start":{"line":354,"column":22},"end":{"line":354,"column":28}},"loc":{"start":{"line":354,"column":67},"end":{"line":361,"column":null}},"line":354},"26":{"name":"listTrash","decl":{"start":{"line":383,"column":22},"end":{"line":383,"column":62}},"loc":{"start":{"line":383,"column":62},"end":{"line":414,"column":null}},"line":383},"27":{"name":"(anonymous_27)","decl":{"start":{"line":401,"column":33},"end":{"line":401,"column":42}},"loc":{"start":{"line":401,"column":42},"end":{"line":410,"column":6}},"line":401},"28":{"name":"restoreFromTrash","decl":{"start":{"line":417,"column":22},"end":{"line":417,"column":39}},"loc":{"start":{"line":417,"column":84},"end":{"line":433,"column":null}},"line":417},"29":{"name":"deleteFromTrash","decl":{"start":{"line":436,"column":22},"end":{"line":436,"column":38}},"loc":{"start":{"line":436,"column":65},"end":{"line":443,"column":null}},"line":436},"30":{"name":"emptyTrash","decl":{"start":{"line":446,"column":22},"end":{"line":446,"column":52}},"loc":{"start":{"line":446,"column":52},"end":{"line":452,"column":null}},"line":446},"31":{"name":"getScrubResult","decl":{"start":{"line":480,"column":22},"end":{"line":480,"column":61}},"loc":{"start":{"line":480,"column":61},"end":{"line":484,"column":null}},"line":480},"32":{"name":"runScrub","decl":{"start":{"line":487,"column":22},"end":{"line":487,"column":31}},"loc":{"start":{"line":487,"column":72},"end":{"line":498,"column":null}},"line":487},"33":{"name":"downloadDiagnosticsExport","decl":{"start":{"line":501,"column":22},"end":{"line":501,"column":65}},"loc":{"start":{"line":501,"column":65},"end":{"line":524,"column":null}},"line":501}},"branchMap":{"0":{"loc":{"start":{"line":118,"column":2},"end":{"line":132,"column":null}},"type":"if","locations":[{"start":{"line":118,"column":2},"end":{"line":132,"column":null}},{"start":{},"end":{}}],"line":118},"1":{"loc":{"start":{"line":122,"column":6},"end":{"line":126,"column":null}},"type":"if","locations":[{"start":{"line":122,"column":6},"end":{"line":126,"column":null}},{"start":{"line":124,"column":6},"end":{"line":126,"column":null}}],"line":122},"2":{"loc":{"start":{"line":124,"column":6},"end":{"line":126,"column":null}},"type":"if","locations":[{"start":{"line":124,"column":6},"end":{"line":126,"column":null}},{"start":{},"end":{}}],"line":124},"3":{"loc":{"start":{"line":174,"column":2},"end":{"line":176,"column":null}},"type":"if","locations":[{"start":{"line":174,"column":2},"end":{"line":176,"column":null}},{"start":{},"end":{}}],"line":174},"4":{"loc":{"start":{"line":182,"column":2},"end":{"line":184,"column":null}},"type":"if","locations":[{"start":{"line":182,"column":2},"end":{"line":184,"column":null}},{"start":{},"end":{}}],"line":182},"5":{"loc":{"start":{"line":187,"column":15},"end":{"line":187,"column":null}},"type":"binary-expr","locations":[{"start":{"line":187,"column":15},"end":{"line":187,"column":34}},{"start":{"line":187,"column":34},"end":{"line":187,"column":null}}],"line":187},"6":{"loc":{"start":{"line":188,"column":18},"end":{"line":188,"column":null}},"type":"binary-expr","locations":[{"start":{"line":188,"column":18},"end":{"line":188,"column":39}},{"start":{"line":188,"column":39},"end":{"line":188,"column":null}}],"line":188},"7":{"loc":{"start":{"line":189,"column":16},"end":{"line":189,"column":null}},"type":"binary-expr","locations":[{"start":{"line":189,"column":16},"end":{"line":189,"column":36}},{"start":{"line":189,"column":36},"end":{"line":189,"column":null}}],"line":189},"8":{"loc":{"start":{"line":196,"column":2},"end":{"line":198,"column":null}},"type":"if","locations":[{"start":{"line":196,"column":2},"end":{"line":198,"column":null}},{"start":{},"end":{}}],"line":196},"9":{"loc":{"start":{"line":205,"column":2},"end":{"line":207,"column":null}},"type":"if","locations":[{"start":{"line":205,"column":2},"end":{"line":207,"column":null}},{"start":{},"end":{}}],"line":205},"10":{"loc":{"start":{"line":212,"column":16},"end":{"line":212,"column":null}},"type":"binary-expr","locations":[{"start":{"line":212,"column":16},"end":{"line":212,"column":36}},{"start":{"line":212,"column":36},"end":{"line":212,"column":null}}],"line":212},"11":{"loc":{"start":{"line":215,"column":29},"end":{"line":215,"column":null}},"type":"binary-expr","locations":[{"start":{"line":215,"column":29},"end":{"line":215,"column":68}},{"start":{"line":215,"column":68},"end":{"line":215,"column":null}}],"line":215},"12":{"loc":{"start":{"line":216,"column":26},"end":{"line":216,"column":null}},"type":"binary-expr","locations":[{"start":{"line":216,"column":26},"end":{"line":216,"column":62}},{"start":{"line":216,"column":62},"end":{"line":216,"column":null}}],"line":216},"13":{"loc":{"start":{"line":217,"column":29},"end":{"line":217,"column":null}},"type":"binary-expr","locations":[{"start":{"line":217,"column":29},"end":{"line":217,"column":69}},{"start":{"line":217,"column":69},"end":{"line":217,"column":null}}],"line":217},"14":{"loc":{"start":{"line":220,"column":15},"end":{"line":220,"column":null}},"type":"binary-expr","locations":[{"start":{"line":220,"column":15},"end":{"line":220,"column":40}},{"start":{"line":220,"column":40},"end":{"line":220,"column":null}}],"line":220},"15":{"loc":{"start":{"line":221,"column":20},"end":{"line":221,"column":null}},"type":"binary-expr","locations":[{"start":{"line":221,"column":20},"end":{"line":221,"column":51}},{"start":{"line":221,"column":51},"end":{"line":221,"column":null}}],"line":221},"16":{"loc":{"start":{"line":222,"column":13},"end":{"line":222,"column":null}},"type":"binary-expr","locations":[{"start":{"line":222,"column":13},"end":{"line":222,"column":36}},{"start":{"line":222,"column":36},"end":{"line":222,"column":null}}],"line":222},"17":{"loc":{"start":{"line":223,"column":13},"end":{"line":223,"column":null}},"type":"binary-expr","locations":[{"start":{"line":223,"column":13},"end":{"line":223,"column":36}},{"start":{"line":223,"column":36},"end":{"line":223,"column":null}}],"line":223},"18":{"loc":{"start":{"line":225,"column":16},"end":{"line":225,"column":null}},"type":"binary-expr","locations":[{"start":{"line":225,"column":16},"end":{"line":225,"column":35}},{"start":{"line":225,"column":35},"end":{"line":225,"column":null}}],"line":225},"19":{"loc":{"start":{"line":226,"column":16},"end":{"line":229,"column":null}},"type":"cond-expr","locations":[{"start":{"line":226,"column":34},"end":{"line":229,"column":8}},{"start":{"line":229,"column":8},"end":{"line":229,"column":null}}],"line":226},"20":{"loc":{"start":{"line":227,"column":18},"end":{"line":227,"column":null}},"type":"binary-expr","locations":[{"start":{"line":227,"column":18},"end":{"line":227,"column":49}},{"start":{"line":227,"column":49},"end":{"line":227,"column":null}}],"line":227},"21":{"loc":{"start":{"line":228,"column":17},"end":{"line":228,"column":null}},"type":"binary-expr","locations":[{"start":{"line":228,"column":17},"end":{"line":228,"column":47}},{"start":{"line":228,"column":47},"end":{"line":228,"column":null}}],"line":228},"22":{"loc":{"start":{"line":230,"column":13},"end":{"line":235,"column":null}},"type":"cond-expr","locations":[{"start":{"line":230,"column":28},"end":{"line":235,"column":8}},{"start":{"line":235,"column":8},"end":{"line":235,"column":null}}],"line":230},"23":{"loc":{"start":{"line":231,"column":19},"end":{"line":231,"column":null}},"type":"binary-expr","locations":[{"start":{"line":231,"column":19},"end":{"line":231,"column":48}},{"start":{"line":231,"column":48},"end":{"line":231,"column":null}}],"line":231},"24":{"loc":{"start":{"line":232,"column":17},"end":{"line":232,"column":null}},"type":"binary-expr","locations":[{"start":{"line":232,"column":17},"end":{"line":232,"column":44}},{"start":{"line":232,"column":44},"end":{"line":232,"column":null}}],"line":232},"25":{"loc":{"start":{"line":233,"column":18},"end":{"line":233,"column":null}},"type":"binary-expr","locations":[{"start":{"line":233,"column":18},"end":{"line":233,"column":46}},{"start":{"line":233,"column":46},"end":{"line":233,"column":null}}],"line":233},"26":{"loc":{"start":{"line":234,"column":18},"end":{"line":234,"column":null}},"type":"binary-expr","locations":[{"start":{"line":234,"column":18},"end":{"line":234,"column":46}},{"start":{"line":234,"column":46},"end":{"line":234,"column":null}}],"line":234},"27":{"loc":{"start":{"line":236,"column":15},"end":{"line":240,"column":null}},"type":"cond-expr","locations":[{"start":{"line":236,"column":32},"end":{"line":240,"column":8}},{"start":{"line":240,"column":8},"end":{"line":240,"column":null}}],"line":236},"28":{"loc":{"start":{"line":237,"column":15},"end":{"line":237,"column":null}},"type":"binary-expr","locations":[{"start":{"line":237,"column":15},"end":{"line":237,"column":41}},{"start":{"line":237,"column":41},"end":{"line":237,"column":null}}],"line":237},"29":{"loc":{"start":{"line":238,"column":15},"end":{"line":238,"column":null}},"type":"binary-expr","locations":[{"start":{"line":238,"column":15},"end":{"line":238,"column":41}},{"start":{"line":238,"column":41},"end":{"line":238,"column":null}}],"line":238},"30":{"loc":{"start":{"line":239,"column":17},"end":{"line":239,"column":null}},"type":"binary-expr","locations":[{"start":{"line":239,"column":17},"end":{"line":239,"column":46}},{"start":{"line":239,"column":46},"end":{"line":239,"column":null}}],"line":239},"31":{"loc":{"start":{"line":251,"column":2},"end":{"line":253,"column":null}},"type":"if","locations":[{"start":{"line":251,"column":2},"end":{"line":253,"column":null}},{"start":{},"end":{}}],"line":251},"32":{"loc":{"start":{"line":272,"column":6},"end":{"line":274,"column":null}},"type":"if","locations":[{"start":{"line":272,"column":6},"end":{"line":274,"column":null}},{"start":{},"end":{}}],"line":272},"33":{"loc":{"start":{"line":272,"column":10},"end":{"line":272,"column":44}},"type":"binary-expr","locations":[{"start":{"line":272,"column":10},"end":{"line":272,"column":32}},{"start":{"line":272,"column":32},"end":{"line":272,"column":44}}],"line":272},"34":{"loc":{"start":{"line":278,"column":6},"end":{"line":282,"column":null}},"type":"if","locations":[{"start":{"line":278,"column":6},"end":{"line":282,"column":null}},{"start":{"line":280,"column":13},"end":{"line":282,"column":null}}],"line":278},"35":{"loc":{"start":{"line":278,"column":10},"end":{"line":278,"column":49}},"type":"binary-expr","locations":[{"start":{"line":278,"column":10},"end":{"line":278,"column":31}},{"start":{"line":278,"column":31},"end":{"line":278,"column":49}}],"line":278},"36":{"loc":{"start":{"line":308,"column":46},"end":{"line":308,"column":86}},"type":"default-arg","locations":[{"start":{"line":308,"column":68},"end":{"line":308,"column":86}}],"line":308},"37":{"loc":{"start":{"line":326,"column":2},"end":{"line":328,"column":null}},"type":"if","locations":[{"start":{"line":326,"column":2},"end":{"line":328,"column":null}},{"start":{},"end":{}}],"line":326},"38":{"loc":{"start":{"line":338,"column":2},"end":{"line":340,"column":null}},"type":"if","locations":[{"start":{"line":338,"column":2},"end":{"line":340,"column":null}},{"start":{},"end":{}}],"line":338},"39":{"loc":{"start":{"line":348,"column":2},"end":{"line":350,"column":null}},"type":"if","locations":[{"start":{"line":348,"column":2},"end":{"line":350,"column":null}},{"start":{},"end":{}}],"line":348},"40":{"loc":{"start":{"line":354,"column":28},"end":{"line":354,"column":67}},"type":"default-arg","locations":[{"start":{"line":354,"column":46},"end":{"line":354,"column":67}}],"line":354},"41":{"loc":{"start":{"line":358,"column":2},"end":{"line":360,"column":null}},"type":"if","locations":[{"start":{"line":358,"column":2},"end":{"line":360,"column":null}},{"start":{},"end":{}}],"line":358},"42":{"loc":{"start":{"line":418,"column":14},"end":{"line":420,"column":null}},"type":"cond-expr","locations":[{"start":{"line":419,"column":6},"end":{"line":419,"column":null}},{"start":{"line":420,"column":6},"end":{"line":420,"column":null}}],"line":418},"43":{"loc":{"start":{"line":425,"column":2},"end":{"line":432,"column":null}},"type":"if","locations":[{"start":{"line":425,"column":2},"end":{"line":432,"column":null}},{"start":{},"end":{}}],"line":425},"44":{"loc":{"start":{"line":429,"column":6},"end":{"line":429,"column":null}},"type":"if","locations":[{"start":{"line":429,"column":6},"end":{"line":429,"column":null}},{"start":{},"end":{}}],"line":429},"45":{"loc":{"start":{"line":440,"column":2},"end":{"line":442,"column":null}},"type":"if","locations":[{"start":{"line":440,"column":2},"end":{"line":442,"column":null}},{"start":{},"end":{}}],"line":440},"46":{"loc":{"start":{"line":490,"column":13},"end":{"line":490,"column":null}},"type":"cond-expr","locations":[{"start":{"line":490,"column":30},"end":{"line":490,"column":71}},{"start":{"line":490,"column":71},"end":{"line":490,"column":null}}],"line":490},"47":{"loc":{"start":{"line":491,"column":10},"end":{"line":491,"column":null}},"type":"cond-expr","locations":[{"start":{"line":491,"column":27},"end":{"line":491,"column":56}},{"start":{"line":491,"column":56},"end":{"line":491,"column":null}}],"line":491},"48":{"loc":{"start":{"line":503,"column":2},"end":{"line":505,"column":null}},"type":"if","locations":[{"start":{"line":503,"column":2},"end":{"line":505,"column":null}},{"start":{},"end":{}}],"line":503},"49":{"loc":{"start":{"line":510,"column":2},"end":{"line":513,"column":null}},"type":"if","locations":[{"start":{"line":510,"column":2},"end":{"line":513,"column":null}},{"start":{},"end":{}}],"line":510},"50":{"loc":{"start":{"line":512,"column":4},"end":{"line":512,"column":null}},"type":"if","locations":[{"start":{"line":512,"column":4},"end":{"line":512,"column":null}},{"start":{},"end":{}}],"line":512}},"s":{"0":1,"1":1,"2":11,"3":11,"4":11,"5":11,"6":1,"7":2,"8":2,"9":2,"10":13,"11":4,"12":4,"13":4,"14":3,"15":2,"16":1,"17":1,"18":1,"19":4,"20":9,"21":9,"22":1,"23":7,"24":7,"25":7,"26":7,"27":2,"28":1,"29":1,"30":1,"31":1,"32":1,"33":2,"34":2,"35":2,"36":2,"37":1,"38":1,"39":1,"40":0,"41":1,"42":1,"43":1,"44":1,"45":0,"46":1,"47":2,"48":2,"49":0,"50":2,"51":2,"52":1,"53":1,"54":1,"55":1,"56":0,"57":0,"58":0,"59":0,"60":0,"61":0,"62":0,"63":0,"64":0,"65":0,"66":0,"67":0,"68":0,"69":0,"70":0,"71":0,"72":0,"73":0,"74":0,"75":0,"76":2,"77":2,"78":2,"79":3,"80":3,"81":3,"82":1,"83":1,"84":1,"85":1,"86":1,"87":0,"88":1,"89":1,"90":1,"91":1,"92":0,"93":2,"94":2,"95":1,"96":2,"97":2,"98":0,"99":1,"100":1,"101":1,"102":1,"103":2,"104":2,"105":2,"106":0,"107":0,"108":0,"109":0,"110":0,"111":0,"112":1,"113":1,"114":0,"115":1,"116":1,"117":1,"118":1,"119":1,"120":1,"121":2,"122":2,"123":2,"124":0,"125":0,"126":0,"127":0,"128":0,"129":0,"130":0,"131":0,"132":0,"133":0,"134":0,"135":0,"136":0,"137":0,"138":0,"139":0,"140":0,"141":0},"f":{"0":1,"1":11,"2":1,"3":2,"4":2,"5":2,"6":13,"7":7,"8":1,"9":2,"10":1,"11":1,"12":2,"13":1,"14":0,"15":0,"16":0,"17":0,"18":0,"19":0,"20":2,"21":3,"22":1,"23":1,"24":2,"25":2,"26":1,"27":1,"28":2,"29":1,"30":1,"31":1,"32":2,"33":0},"b":{"0":[4,9],"1":[2,1],"2":[1,0],"3":[1,1],"4":[0,1],"5":[1,0],"6":[1,0],"7":[1,0],"8":[0,1],"9":[0,2],"10":[2,1],"11":[2,1],"12":[2,1],"13":[2,2],"14":[2,1],"15":[2,1],"16":[2,1],"17":[2,1],"18":[2,1],"19":[1,1],"20":[1,0],"21":[1,0],"22":[1,1],"23":[1,0],"24":[1,0],"25":[1,0],"26":[1,0],"27":[1,1],"28":[1,0],"29":[1,0],"30":[1,0],"31":[0,1],"32":[0,0],"33":[0,0],"34":[0,0],"35":[0,0],"36":[3],"37":[0,1],"38":[0,1],"39":[1,1],"40":[2],"41":[0,2],"42":[1,1],"43":[0,2],"44":[0,0],"45":[0,1],"46":[1,1],"47":[1,1],"48":[0,0],"49":[0,0],"50":[0,0]},"meta":{"lastBranch":51,"lastFunction":34,"lastStatement":142,"seen":{"s:6:17:6:Infinity":0,"f:21:16:21:39":0,"s:22:2:26:Infinity":1,"f:88:2:88:Infinity":1,"s:93:4:93:Infinity":2,"s:94:4:94:Infinity":3,"s:95:4:95:Infinity":4,"s:96:4:96:Infinity":5,"f:99:6:99:28":2,"s:100:4:100:Infinity":6,"f:103:6:103:32":3,"s:104:4:104:Infinity":7,"f:107:6:107:29":4,"s:108:4:108:Infinity":8,"f:111:6:111:31":5,"s:112:4:112:Infinity":9,"f:117:15:117:33":6,"b:118:2:132:Infinity:undefined:undefined:undefined:undefined":0,"s:118:2:132:Infinity":10,"s:119:18:119:Infinity":11,"s:120:4:130:Infinity":12,"s:121:19:121:Infinity":13,"b:122:6:126:Infinity:124:6:126:Infinity":1,"s:122:6:126:Infinity":14,"s:123:8:123:Infinity":15,"b:124:6:126:Infinity:undefined:undefined:undefined:undefined":2,"s:124:6:126:Infinity":16,"s:125:8:125:Infinity":17,"s:129:6:129:Infinity":18,"s:131:4:131:Infinity":19,"s:134:2:138:Infinity":20,"s:135:4:135:Infinity":21,"s:137:4:137:Infinity":22,"f:150:22:150:32":7,"s:151:8:151:Infinity":23,"s:152:8:152:Infinity":24,"s:153:19:153:Infinity":25,"s:154:17:154:Infinity":26,"s:155:2:155:Infinity":27,"f:159:22:159:34":8,"s:160:8:160:Infinity":28,"s:161:8:161:Infinity":29,"s:162:19:162:Infinity":30,"s:163:17:163:Infinity":31,"s:164:2:164:Infinity":32,"f:168:22:168:33":9,"s:169:8:169:Infinity":33,"s:170:8:170:Infinity":34,"s:171:19:173:Infinity":35,"b:174:2:176:Infinity:undefined:undefined:undefined:undefined":3,"s:174:2:176:Infinity":36,"s:175:4:175:Infinity":37,"f:180:22:180:63":10,"s:181:19:181:Infinity":38,"b:182:2:184:Infinity:undefined:undefined:undefined:undefined":4,"s:182:2:184:Infinity":39,"s:183:4:183:Infinity":40,"s:185:15:185:Infinity":41,"s:186:2:190:Infinity":42,"b:187:15:187:34:187:34:187:Infinity":5,"b:188:18:188:39:188:39:188:Infinity":6,"b:189:16:189:36:189:36:189:Infinity":7,"f:194:22:194:57":11,"s:195:19:195:Infinity":43,"b:196:2:198:Infinity:undefined:undefined:undefined:undefined":8,"s:196:2:198:Infinity":44,"s:197:4:197:Infinity":45,"s:199:2:199:Infinity":46,"f:203:22:203:65":12,"s:204:19:204:Infinity":47,"b:205:2:207:Infinity:undefined:undefined:undefined:undefined":9,"s:205:2:207:Infinity":48,"s:206:4:206:Infinity":49,"s:208:15:208:Infinity":50,"s:209:2:241:Infinity":51,"b:212:16:212:36:212:36:212:Infinity":10,"b:215:29:215:68:215:68:215:Infinity":11,"b:216:26:216:62:216:62:216:Infinity":12,"b:217:29:217:69:217:69:217:Infinity":13,"b:220:15:220:40:220:40:220:Infinity":14,"b:221:20:221:51:221:51:221:Infinity":15,"b:222:13:222:36:222:36:222:Infinity":16,"b:223:13:223:36:223:36:223:Infinity":17,"b:225:16:225:35:225:35:225:Infinity":18,"b:226:34:229:8:229:8:229:Infinity":19,"b:227:18:227:49:227:49:227:Infinity":20,"b:228:17:228:47:228:47:228:Infinity":21,"b:230:28:235:8:235:8:235:Infinity":22,"b:231:19:231:48:231:48:231:Infinity":23,"b:232:17:232:44:232:44:232:Infinity":24,"b:233:18:233:46:233:46:233:Infinity":25,"b:234:18:234:46:234:46:234:Infinity":26,"b:236:32:240:8:240:8:240:Infinity":27,"b:237:15:237:41:237:41:237:Infinity":28,"b:238:15:238:41:238:41:238:Infinity":29,"b:239:17:239:46:239:46:239:Infinity":30,"f:245:22:245:38":13,"s:246:8:246:Infinity":52,"s:247:8:247:Infinity":53,"s:248:19:250:Infinity":54,"b:251:2:253:Infinity:undefined:undefined:undefined:undefined":31,"s:251:2:253:Infinity":55,"s:252:4:252:Infinity":56,"f:257:22:257:Infinity":14,"s:263:8:263:Infinity":57,"s:264:8:264:Infinity":58,"s:265:8:265:Infinity":59,"s:266:26:266:Infinity":60,"s:268:2:295:Infinity":61,"f:268:21:268:22":15,"s:269:16:269:Infinity":62,"s:271:4:275:Infinity":63,"f:271:44:271:45":16,"b:272:6:274:Infinity:undefined:undefined:undefined:undefined":32,"s:272:6:274:Infinity":64,"b:272:10:272:32:272:32:272:44":33,"s:273:8:273:Infinity":65,"s:277:4:283:Infinity":66,"f:277:33:277:39":17,"b:278:6:282:Infinity:280:13:282:Infinity":34,"s:278:6:282:Infinity":67,"b:278:10:278:31:278:31:278:49":35,"s:279:8:279:Infinity":68,"s:281:8:281:Infinity":69,"s:285:4:287:Infinity":70,"f:285:34:285:40":18,"s:286:6:286:Infinity":71,"s:289:4:291:Infinity":72,"f:289:36:289:42":19,"s:290:6:290:Infinity":73,"s:293:4:293:Infinity":74,"s:294:4:294:Infinity":75,"f:299:16:299:31":20,"s:300:8:300:Infinity":76,"s:301:8:301:Infinity":77,"s:302:2:302:Infinity":78,"f:308:16:308:32":21,"b:308:68:308:86":36,"s:309:8:309:Infinity":79,"s:310:8:310:Infinity":80,"s:311:2:311:Infinity":81,"f:315:22:315:31":22,"s:316:8:316:Infinity":82,"s:317:8:317:Infinity":83,"s:318:8:318:Infinity":84,"s:320:19:325:Infinity":85,"b:326:2:328:Infinity:undefined:undefined:undefined:undefined":37,"s:326:2:328:Infinity":86,"s:327:4:327:Infinity":87,"f:332:22:332:37":23,"s:333:8:333:Infinity":88,"s:334:22:334:Infinity":89,"s:335:19:337:Infinity":90,"b:338:2:340:Infinity:undefined:undefined:undefined:undefined":38,"s:338:2:340:Infinity":91,"s:339:4:339:Infinity":92,"f:344:22:344:49":24,"s:345:19:347:Infinity":93,"b:348:2:350:Infinity:undefined:undefined:undefined:undefined":39,"s:348:2:350:Infinity":94,"s:349:4:349:Infinity":95,"f:354:22:354:28":25,"b:354:46:354:67":40,"s:355:19:357:Infinity":96,"b:358:2:360:Infinity:undefined:undefined:undefined:undefined":41,"s:358:2:360:Infinity":97,"s:359:4:359:Infinity":98,"f:383:22:383:62":26,"s:384:19:384:Infinity":99,"s:385:17:398:Infinity":100,"s:400:2:413:Infinity":101,"f:401:33:401:42":27,"s:401:42:410:6":102,"f:417:22:417:39":28,"s:418:14:420:Infinity":103,"b:419:6:419:Infinity:420:6:420:Infinity":42,"s:422:19:424:Infinity":104,"b:425:2:432:Infinity:undefined:undefined:undefined:undefined":43,"s:425:2:432:Infinity":105,"s:426:18:426:Infinity":106,"s:427:4:430:Infinity":107,"s:428:19:428:Infinity":108,"b:429:6:429:Infinity:undefined:undefined:undefined:undefined":44,"s:429:6:429:Infinity":109,"s:429:24:429:Infinity":110,"s:431:4:431:Infinity":111,"f:436:22:436:38":29,"s:437:19:439:Infinity":112,"b:440:2:442:Infinity:undefined:undefined:undefined:undefined":45,"s:440:2:442:Infinity":113,"s:441:4:441:Infinity":114,"f:446:22:446:52":30,"s:447:19:449:Infinity":115,"s:450:17:450:Infinity":116,"s:451:2:451:Infinity":117,"f:480:22:480:61":31,"s:481:19:481:Infinity":118,"s:482:17:482:Infinity":119,"s:483:2:483:Infinity":120,"f:487:22:487:31":32,"s:488:19:492:Infinity":121,"b:490:30:490:71:490:71:490:Infinity":46,"b:491:27:491:56:491:56:491:Infinity":47,"s:493:17:493:Infinity":122,"s:494:2:497:Infinity":123,"f:501:22:501:65":33,"s:502:19:502:Infinity":124,"b:503:2:505:Infinity:undefined:undefined:undefined:undefined":48,"s:503:2:505:Infinity":125,"s:504:4:504:Infinity":126,"s:508:29:508:Infinity":127,"s:509:17:509:Infinity":128,"b:510:2:513:Infinity:undefined:undefined:undefined:undefined":49,"s:510:2:513:Infinity":129,"s:511:18:511:Infinity":130,"b:512:4:512:Infinity:undefined:undefined:undefined:undefined":50,"s:512:4:512:Infinity":131,"s:512:15:512:Infinity":132,"s:515:15:515:Infinity":133,"s:516:14:516:Infinity":134,"s:517:12:517:Infinity":135,"s:518:2:518:Infinity":136,"s:519:2:519:Infinity":137,"s:520:2:520:Infinity":138,"s:521:2:521:Infinity":139,"s:522:2:522:Infinity":140,"s:523:2:523:Infinity":141}}}
,"/home/seanbao/work/github/mnemonas/web/src/components/layout/Sidebar.tsx": {"path":"/home/seanbao/work/github/mnemonas/web/src/components/layout/Sidebar.tsx","statementMap":{"0":{"start":{"line":28,"column":34},"end":{"line":52,"column":null}},"1":{"start":{"line":59,"column":8},"end":{"line":59,"column":null}},"2":{"start":{"line":61,"column":2},"end":{"line":157,"column":null}},"3":{"start":{"line":91,"column":10},"end":{"line":141,"column":null}},"4":{"start":{"line":99,"column":33},"end":{"line":100,"column":null}},"5":{"start":{"line":102,"column":16},"end":{"line":137,"column":null}}},"fnMap":{"0":{"name":"Sidebar","decl":{"start":{"line":58,"column":16},"end":{"line":58,"column":24}},"loc":{"start":{"line":58,"column":61},"end":{"line":159,"column":null}},"line":58},"1":{"name":"(anonymous_1)","decl":{"start":{"line":90,"column":25},"end":{"line":90,"column":26}},"loc":{"start":{"line":91,"column":10},"end":{"line":141,"column":null}},"line":91},"2":{"name":"(anonymous_2)","decl":{"start":{"line":98,"column":33},"end":{"line":98,"column":34}},"loc":{"start":{"line":98,"column":43},"end":{"line":139,"column":15}},"line":98}},"branchMap":{"0":{"loc":{"start":{"line":58,"column":26},"end":{"line":58,"column":44}},"type":"default-arg","locations":[{"start":{"line":58,"column":38},"end":{"line":58,"column":44}}],"line":58},"1":{"loc":{"start":{"line":65,"column":8},"end":{"line":65,"column":null}},"type":"cond-expr","locations":[{"start":{"line":65,"column":20},"end":{"line":65,"column":29}},{"start":{"line":65,"column":29},"end":{"line":65,"column":null}}],"line":65},"2":{"loc":{"start":{"line":76,"column":9},"end":{"line":84,"column":null}},"type":"binary-expr","locations":[{"start":{"line":76,"column":9},"end":{"line":76,"column":null}},{"start":{"line":77,"column":10},"end":{"line":84,"column":null}}],"line":76},"3":{"loc":{"start":{"line":91,"column":57},"end":{"line":91,"column":76}},"type":"binary-expr","locations":[{"start":{"line":91,"column":57},"end":{"line":91,"column":70}},{"start":{"line":91,"column":70},"end":{"line":91,"column":76}}],"line":91},"4":{"loc":{"start":{"line":92,"column":13},"end":{"line":95,"column":null}},"type":"binary-expr","locations":[{"start":{"line":92,"column":13},"end":{"line":92,"column":null}},{"start":{"line":93,"column":14},"end":{"line":95,"column":null}}],"line":92},"5":{"loc":{"start":{"line":99,"column":33},"end":{"line":100,"column":null}},"type":"binary-expr","locations":[{"start":{"line":99,"column":33},"end":{"line":99,"column":null}},{"start":{"line":100,"column":19},"end":{"line":100,"column":40}},{"start":{"line":100,"column":40},"end":{"line":100,"column":null}}],"line":99},"6":{"loc":{"start":{"line":108,"column":24},"end":{"line":110,"column":null}},"type":"cond-expr","locations":[{"start":{"line":109,"column":28},"end":{"line":109,"column":null}},{"start":{"line":110,"column":28},"end":{"line":110,"column":null}}],"line":108},"7":{"loc":{"start":{"line":112,"column":29},"end":{"line":112,"column":null}},"type":"cond-expr","locations":[{"start":{"line":112,"column":41},"end":{"line":112,"column":54}},{"start":{"line":112,"column":54},"end":{"line":112,"column":null}}],"line":112},"8":{"loc":{"start":{"line":118,"column":26},"end":{"line":118,"column":null}},"type":"cond-expr","locations":[{"start":{"line":118,"column":37},"end":{"line":118,"column":59}},{"start":{"line":118,"column":59},"end":{"line":118,"column":null}}],"line":118},"9":{"loc":{"start":{"line":121,"column":23},"end":{"line":134,"column":null}},"type":"binary-expr","locations":[{"start":{"line":121,"column":23},"end":{"line":121,"column":null}},{"start":{"line":122,"column":24},"end":{"line":134,"column":null}}],"line":121},"10":{"loc":{"start":{"line":126,"column":27},"end":{"line":132,"column":null}},"type":"binary-expr","locations":[{"start":{"line":126,"column":27},"end":{"line":126,"column":null}},{"start":{"line":127,"column":28},"end":{"line":132,"column":null}}],"line":126},"11":{"loc":{"start":{"line":129,"column":30},"end":{"line":129,"column":null}},"type":"binary-expr","locations":[{"start":{"line":129,"column":30},"end":{"line":129,"column":49}},{"start":{"line":129,"column":49},"end":{"line":129,"column":null}}],"line":129},"12":{"loc":{"start":{"line":146,"column":7},"end":{"line":155,"column":null}},"type":"binary-expr","locations":[{"start":{"line":146,"column":7},"end":{"line":146,"column":null}},{"start":{"line":147,"column":8},"end":{"line":155,"column":null}}],"line":146}},"s":{"0":1,"1":23,"2":23,"3":69,"4":184,"5":184},"f":{"0":23,"1":69,"2":184},"b":{"0":[23],"1":[3,20],"2":[23,20],"3":[69,9],"4":[69,60],"5":[184,184,184],"6":[0,184],"7":[24,160],"8":[0,184],"9":[184,160],"10":[160,20],"11":[20,0],"12":[23,20]},"meta":{"lastBranch":13,"lastFunction":3,"lastStatement":6,"seen":{"s:28:34:52:Infinity":0,"f:58:16:58:24":0,"b:58:38:58:44":0,"s:59:8:59:Infinity":1,"s:61:2:157:Infinity":2,"b:65:20:65:29:65:29:65:Infinity":1,"b:76:9:76:Infinity:77:10:84:Infinity":2,"f:90:25:90:26":1,"s:91:10:141:Infinity":3,"b:91:57:91:70:91:70:91:76":3,"b:92:13:92:Infinity:93:14:95:Infinity":4,"f:98:33:98:34":2,"s:99:33:100:Infinity":4,"b:99:33:99:Infinity:100:19:100:40:100:40:100:Infinity":5,"s:102:16:137:Infinity":5,"b:109:28:109:Infinity:110:28:110:Infinity":6,"b:112:41:112:54:112:54:112:Infinity":7,"b:118:37:118:59:118:59:118:Infinity":8,"b:121:23:121:Infinity:122:24:134:Infinity":9,"b:126:27:126:Infinity:127:28:132:Infinity":10,"b:129:30:129:49:129:49:129:Infinity":11,"b:146:7:146:Infinity:147:8:155:Infinity":12}}}
,"/home/seanbao/work/github/mnemonas/web/src/lib/utils.ts": {"path":"/home/seanbao/work/github/mnemonas/web/src/lib/utils.ts","statementMap":{"0":{"start":{"line":5,"column":2},"end":{"line":5,"column":null}},"1":{"start":{"line":14,"column":18},"end":{"line":14,"column":null}},"2":{"start":{"line":17,"column":2},"end":{"line":17,"column":null}},"3":{"start":{"line":18,"column":2},"end":{"line":18,"column":null}},"4":{"start":{"line":22,"column":2},"end":{"line":22,"column":null}},"5":{"start":{"line":25,"column":2},"end":{"line":25,"column":null}},"6":{"start":{"line":28,"column":2},"end":{"line":30,"column":null}},"7":{"start":{"line":29,"column":4},"end":{"line":29,"column":null}},"8":{"start":{"line":32,"column":2},"end":{"line":32,"column":null}},"9":{"start":{"line":41,"column":19},"end":{"line":41,"column":null}},"10":{"start":{"line":44,"column":2},"end":{"line":46,"column":null}},"11":{"start":{"line":45,"column":4},"end":{"line":45,"column":null}},"12":{"start":{"line":49,"column":2},"end":{"line":49,"column":null}},"13":{"start":{"line":52,"column":2},"end":{"line":54,"column":null}},"14":{"start":{"line":53,"column":4},"end":{"line":53,"column":null}},"15":{"start":{"line":57,"column":2},"end":{"line":59,"column":null}},"16":{"start":{"line":58,"column":4},"end":{"line":58,"column":null}},"17":{"start":{"line":61,"column":2},"end":{"line":61,"column":null}},"18":{"start":{"line":68,"column":2},"end":{"line":71,"column":null}},"19":{"start":{"line":70,"column":20},"end":{"line":70,"column":47}},"20":{"start":{"line":75,"column":2},"end":{"line":75,"column":null}},"21":{"start":{"line":75,"column":19},"end":{"line":75,"column":null}},"22":{"start":{"line":77,"column":12},"end":{"line":77,"column":null}},"23":{"start":{"line":78,"column":13},"end":{"line":78,"column":null}},"24":{"start":{"line":79,"column":16},"end":{"line":79,"column":null}},"25":{"start":{"line":81,"column":12},"end":{"line":81,"column":null}},"26":{"start":{"line":83,"column":2},"end":{"line":83,"column":null}},"27":{"start":{"line":87,"column":2},"end":{"line":87,"column":null}},"28":{"start":{"line":87,"column":17},"end":{"line":87,"column":null}},"29":{"start":{"line":89,"column":18},"end":{"line":89,"column":null}},"30":{"start":{"line":90,"column":2},"end":{"line":90,"column":null}},"31":{"start":{"line":90,"column":20},"end":{"line":90,"column":null}},"32":{"start":{"line":92,"column":18},"end":{"line":92,"column":null}},"33":{"start":{"line":93,"column":24},"end":{"line":93,"column":null}},"34":{"start":{"line":94,"column":2},"end":{"line":96,"column":null}},"35":{"start":{"line":95,"column":4},"end":{"line":95,"column":null}},"36":{"start":{"line":98,"column":16},"end":{"line":98,"column":null}},"37":{"start":{"line":99,"column":24},"end":{"line":99,"column":null}},"38":{"start":{"line":100,"column":2},"end":{"line":100,"column":null}},"39":{"start":{"line":104,"column":15},"end":{"line":104,"column":null}},"40":{"start":{"line":105,"column":2},"end":{"line":111,"column":null}},"41":{"start":{"line":115,"column":2},"end":{"line":115,"column":null}},"42":{"start":{"line":115,"column":13},"end":{"line":115,"column":null}},"43":{"start":{"line":117,"column":14},"end":{"line":117,"column":null}},"44":{"start":{"line":119,"column":20},"end":{"line":119,"column":null}},"45":{"start":{"line":120,"column":20},"end":{"line":120,"column":null}},"46":{"start":{"line":121,"column":20},"end":{"line":121,"column":null}},"47":{"start":{"line":122,"column":18},"end":{"line":122,"column":null}},"48":{"start":{"line":123,"column":19},"end":{"line":123,"column":null}},"49":{"start":{"line":124,"column":22},"end":{"line":124,"column":null}},"50":{"start":{"line":126,"column":2},"end":{"line":126,"column":null}},"51":{"start":{"line":126,"column":37},"end":{"line":126,"column":null}},"52":{"start":{"line":127,"column":2},"end":{"line":127,"column":null}},"53":{"start":{"line":127,"column":37},"end":{"line":127,"column":null}},"54":{"start":{"line":128,"column":2},"end":{"line":128,"column":null}},"55":{"start":{"line":128,"column":37},"end":{"line":128,"column":null}},"56":{"start":{"line":129,"column":2},"end":{"line":129,"column":null}},"57":{"start":{"line":129,"column":35},"end":{"line":129,"column":null}},"58":{"start":{"line":130,"column":2},"end":{"line":130,"column":null}},"59":{"start":{"line":130,"column":36},"end":{"line":130,"column":null}},"60":{"start":{"line":131,"column":2},"end":{"line":131,"column":null}},"61":{"start":{"line":131,"column":39},"end":{"line":131,"column":null}},"62":{"start":{"line":133,"column":2},"end":{"line":133,"column":null}},"63":{"start":{"line":137,"column":14},"end":{"line":137,"column":null}},"64":{"start":{"line":138,"column":20},"end":{"line":138,"column":null}},"65":{"start":{"line":139,"column":2},"end":{"line":139,"column":null}},"66":{"start":{"line":143,"column":14},"end":{"line":143,"column":null}},"67":{"start":{"line":144,"column":20},"end":{"line":144,"column":null}},"68":{"start":{"line":145,"column":2},"end":{"line":145,"column":null}}},"fnMap":{"0":{"name":"cn","decl":{"start":{"line":4,"column":16},"end":{"line":4,"column":22}},"loc":{"start":{"line":4,"column":44},"end":{"line":6,"column":null}},"line":4},"1":{"name":"sanitizeFilename","decl":{"start":{"line":12,"column":16},"end":{"line":12,"column":33}},"loc":{"start":{"line":12,"column":59},"end":{"line":33,"column":null}},"line":12},"2":{"name":"normalizePath","decl":{"start":{"line":39,"column":16},"end":{"line":39,"column":30}},"loc":{"start":{"line":39,"column":52},"end":{"line":62,"column":null}},"line":39},"3":{"name":"encodePathForUrl","decl":{"start":{"line":67,"column":16},"end":{"line":67,"column":33}},"loc":{"start":{"line":67,"column":55},"end":{"line":72,"column":null}},"line":67},"4":{"name":"(anonymous_4)","decl":{"start":{"line":70,"column":9},"end":{"line":70,"column":20}},"loc":{"start":{"line":70,"column":20},"end":{"line":70,"column":47}},"line":70},"5":{"name":"formatBytes","decl":{"start":{"line":74,"column":16},"end":{"line":74,"column":28}},"loc":{"start":{"line":74,"column":65},"end":{"line":84,"column":null}},"line":74},"6":{"name":"formatDuration","decl":{"start":{"line":86,"column":16},"end":{"line":86,"column":31}},"loc":{"start":{"line":86,"column":51},"end":{"line":101,"column":null}},"line":86},"7":{"name":"formatDate","decl":{"start":{"line":103,"column":16},"end":{"line":103,"column":27}},"loc":{"start":{"line":103,"column":52},"end":{"line":112,"column":null}},"line":103},"8":{"name":"getFileIcon","decl":{"start":{"line":114,"column":16},"end":{"line":114,"column":28}},"loc":{"start":{"line":114,"column":66},"end":{"line":134,"column":null}},"line":114},"9":{"name":"isImageFile","decl":{"start":{"line":136,"column":16},"end":{"line":136,"column":28}},"loc":{"start":{"line":136,"column":51},"end":{"line":140,"column":null}},"line":136},"10":{"name":"isVideoFile","decl":{"start":{"line":142,"column":16},"end":{"line":142,"column":28}},"loc":{"start":{"line":142,"column":51},"end":{"line":146,"column":null}},"line":142}},"branchMap":{"0":{"loc":{"start":{"line":28,"column":2},"end":{"line":30,"column":null}},"type":"if","locations":[{"start":{"line":28,"column":2},"end":{"line":30,"column":null}},{"start":{},"end":{}}],"line":28},"1":{"loc":{"start":{"line":28,"column":6},"end":{"line":28,"column":61}},"type":"binary-expr","locations":[{"start":{"line":28,"column":6},"end":{"line":28,"column":20}},{"start":{"line":28,"column":20},"end":{"line":28,"column":41}},{"start":{"line":28,"column":41},"end":{"line":28,"column":61}}],"line":28},"2":{"loc":{"start":{"line":44,"column":2},"end":{"line":46,"column":null}},"type":"if","locations":[{"start":{"line":44,"column":2},"end":{"line":46,"column":null}},{"start":{},"end":{}}],"line":44},"3":{"loc":{"start":{"line":52,"column":2},"end":{"line":54,"column":null}},"type":"if","locations":[{"start":{"line":52,"column":2},"end":{"line":54,"column":null}},{"start":{},"end":{}}],"line":52},"4":{"loc":{"start":{"line":52,"column":6},"end":{"line":52,"column":57}},"type":"binary-expr","locations":[{"start":{"line":52,"column":6},"end":{"line":52,"column":31}},{"start":{"line":52,"column":31},"end":{"line":52,"column":57}}],"line":52},"5":{"loc":{"start":{"line":57,"column":2},"end":{"line":59,"column":null}},"type":"if","locations":[{"start":{"line":57,"column":2},"end":{"line":59,"column":null}},{"start":{},"end":{}}],"line":57},"6":{"loc":{"start":{"line":57,"column":6},"end":{"line":57,"column":89}},"type":"binary-expr","locations":[{"start":{"line":57,"column":6},"end":{"line":57,"column":37}},{"start":{"line":57,"column":37},"end":{"line":57,"column":67}},{"start":{"line":57,"column":67},"end":{"line":57,"column":89}}],"line":57},"7":{"loc":{"start":{"line":74,"column":43},"end":{"line":74,"column":65}},"type":"default-arg","locations":[{"start":{"line":74,"column":54},"end":{"line":74,"column":65}}],"line":74},"8":{"loc":{"start":{"line":75,"column":2},"end":{"line":75,"column":null}},"type":"if","locations":[{"start":{"line":75,"column":2},"end":{"line":75,"column":null}},{"start":{},"end":{}}],"line":75},"9":{"loc":{"start":{"line":78,"column":13},"end":{"line":78,"column":null}},"type":"cond-expr","locations":[{"start":{"line":78,"column":28},"end":{"line":78,"column":32}},{"start":{"line":78,"column":32},"end":{"line":78,"column":null}}],"line":78},"10":{"loc":{"start":{"line":87,"column":2},"end":{"line":87,"column":null}},"type":"if","locations":[{"start":{"line":87,"column":2},"end":{"line":87,"column":null}},{"start":{},"end":{}}],"line":87},"11":{"loc":{"start":{"line":90,"column":2},"end":{"line":90,"column":null}},"type":"if","locations":[{"start":{"line":90,"column":2},"end":{"line":90,"column":null}},{"start":{},"end":{}}],"line":90},"12":{"loc":{"start":{"line":94,"column":2},"end":{"line":96,"column":null}},"type":"if","locations":[{"start":{"line":94,"column":2},"end":{"line":96,"column":null}},{"start":{},"end":{}}],"line":94},"13":{"loc":{"start":{"line":95,"column":11},"end":{"line":95,"column":null}},"type":"cond-expr","locations":[{"start":{"line":95,"column":31},"end":{"line":95,"column":67}},{"start":{"line":95,"column":67},"end":{"line":95,"column":null}}],"line":95},"14":{"loc":{"start":{"line":100,"column":9},"end":{"line":100,"column":null}},"type":"cond-expr","locations":[{"start":{"line":100,"column":29},"end":{"line":100,"column":65}},{"start":{"line":100,"column":65},"end":{"line":100,"column":null}}],"line":100},"15":{"loc":{"start":{"line":115,"column":2},"end":{"line":115,"column":null}},"type":"if","locations":[{"start":{"line":115,"column":2},"end":{"line":115,"column":null}},{"start":{},"end":{}}],"line":115},"16":{"loc":{"start":{"line":126,"column":2},"end":{"line":126,"column":null}},"type":"if","locations":[{"start":{"line":126,"column":2},"end":{"line":126,"column":null}},{"start":{},"end":{}}],"line":126},"17":{"loc":{"start":{"line":126,"column":25},"end":{"line":126,"column":34}},"type":"binary-expr","locations":[{"start":{"line":126,"column":25},"end":{"line":126,"column":32}},{"start":{"line":126,"column":32},"end":{"line":126,"column":34}}],"line":126},"18":{"loc":{"start":{"line":127,"column":2},"end":{"line":127,"column":null}},"type":"if","locations":[{"start":{"line":127,"column":2},"end":{"line":127,"column":null}},{"start":{},"end":{}}],"line":127},"19":{"loc":{"start":{"line":127,"column":25},"end":{"line":127,"column":34}},"type":"binary-expr","locations":[{"start":{"line":127,"column":25},"end":{"line":127,"column":32}},{"start":{"line":127,"column":32},"end":{"line":127,"column":34}}],"line":127},"20":{"loc":{"start":{"line":128,"column":2},"end":{"line":128,"column":null}},"type":"if","locations":[{"start":{"line":128,"column":2},"end":{"line":128,"column":null}},{"start":{},"end":{}}],"line":128},"21":{"loc":{"start":{"line":128,"column":25},"end":{"line":128,"column":34}},"type":"binary-expr","locations":[{"start":{"line":128,"column":25},"end":{"line":128,"column":32}},{"start":{"line":128,"column":32},"end":{"line":128,"column":34}}],"line":128},"22":{"loc":{"start":{"line":129,"column":2},"end":{"line":129,"column":null}},"type":"if","locations":[{"start":{"line":129,"column":2},"end":{"line":129,"column":null}},{"start":{},"end":{}}],"line":129},"23":{"loc":{"start":{"line":129,"column":23},"end":{"line":129,"column":32}},"type":"binary-expr","locations":[{"start":{"line":129,"column":23},"end":{"line":129,"column":30}},{"start":{"line":129,"column":30},"end":{"line":129,"column":32}}],"line":129},"24":{"loc":{"start":{"line":130,"column":2},"end":{"line":130,"column":null}},"type":"if","locations":[{"start":{"line":130,"column":2},"end":{"line":130,"column":null}},{"start":{},"end":{}}],"line":130},"25":{"loc":{"start":{"line":130,"column":24},"end":{"line":130,"column":33}},"type":"binary-expr","locations":[{"start":{"line":130,"column":24},"end":{"line":130,"column":31}},{"start":{"line":130,"column":31},"end":{"line":130,"column":33}}],"line":130},"26":{"loc":{"start":{"line":131,"column":2},"end":{"line":131,"column":null}},"type":"if","locations":[{"start":{"line":131,"column":2},"end":{"line":131,"column":null}},{"start":{},"end":{}}],"line":131},"27":{"loc":{"start":{"line":131,"column":27},"end":{"line":131,"column":36}},"type":"binary-expr","locations":[{"start":{"line":131,"column":27},"end":{"line":131,"column":34}},{"start":{"line":131,"column":34},"end":{"line":131,"column":36}}],"line":131},"28":{"loc":{"start":{"line":139,"column":28},"end":{"line":139,"column":37}},"type":"binary-expr","locations":[{"start":{"line":139,"column":28},"end":{"line":139,"column":35}},{"start":{"line":139,"column":35},"end":{"line":139,"column":37}}],"line":139},"29":{"loc":{"start":{"line":145,"column":28},"end":{"line":145,"column":37}},"type":"binary-expr","locations":[{"start":{"line":145,"column":28},"end":{"line":145,"column":35}},{"start":{"line":145,"column":35},"end":{"line":145,"column":37}}],"line":145}},"s":{"0":953,"1":7,"2":7,"3":7,"4":7,"5":7,"6":7,"7":2,"8":5,"9":25,"10":25,"11":3,"12":25,"13":25,"14":1,"15":25,"16":1,"17":24,"18":17,"19":36,"20":178,"21":6,"22":172,"23":172,"24":178,"25":178,"26":178,"27":5,"28":0,"29":5,"30":5,"31":1,"32":4,"33":4,"34":4,"35":2,"36":2,"37":2,"38":2,"39":46,"40":46,"41":53,"42":21,"43":32,"44":53,"45":53,"46":53,"47":53,"48":53,"49":53,"50":53,"51":1,"52":31,"53":1,"54":30,"55":1,"56":29,"57":2,"58":27,"59":3,"60":24,"61":2,"62":22,"63":8,"64":8,"65":8,"66":5,"67":5,"68":5},"f":{"0":953,"1":7,"2":25,"3":17,"4":36,"5":178,"6":5,"7":46,"8":53,"9":8,"10":5},"b":{"0":[2,5],"1":[7,5,5],"2":[3,22],"3":[1,24],"4":[25,22],"5":[1,24],"6":[25,24,24],"7":[178],"8":[6,172],"9":[0,172],"10":[0,5],"11":[1,4],"12":[2,2],"13":[1,1],"14":[1,1],"15":[21,32],"16":[1,52],"17":[53,0],"18":[1,30],"19":[31,0],"20":[1,29],"21":[30,0],"22":[2,27],"23":[29,0],"24":[3,24],"25":[27,0],"26":[2,22],"27":[24,0],"28":[8,0],"29":[5,0]},"meta":{"lastBranch":30,"lastFunction":11,"lastStatement":69,"seen":{"f:4:16:4:22":0,"s:5:2:5:Infinity":0,"f:12:16:12:33":1,"s:14:18:14:Infinity":1,"s:17:2:17:Infinity":2,"s:18:2:18:Infinity":3,"s:22:2:22:Infinity":4,"s:25:2:25:Infinity":5,"b:28:2:30:Infinity:undefined:undefined:undefined:undefined":0,"s:28:2:30:Infinity":6,"b:28:6:28:20:28:20:28:41:28:41:28:61":1,"s:29:4:29:Infinity":7,"s:32:2:32:Infinity":8,"f:39:16:39:30":2,"s:41:19:41:Infinity":9,"b:44:2:46:Infinity:undefined:undefined:undefined:undefined":2,"s:44:2:46:Infinity":10,"s:45:4:45:Infinity":11,"s:49:2:49:Infinity":12,"b:52:2:54:Infinity:undefined:undefined:undefined:undefined":3,"s:52:2:54:Infinity":13,"b:52:6:52:31:52:31:52:57":4,"s:53:4:53:Infinity":14,"b:57:2:59:Infinity:undefined:undefined:undefined:undefined":5,"s:57:2:59:Infinity":15,"b:57:6:57:37:57:37:57:67:57:67:57:89":6,"s:58:4:58:Infinity":16,"s:61:2:61:Infinity":17,"f:67:16:67:33":3,"s:68:2:71:Infinity":18,"f:70:9:70:20":4,"s:70:20:70:47":19,"f:74:16:74:28":5,"b:74:54:74:65":7,"b:75:2:75:Infinity:undefined:undefined:undefined:undefined":8,"s:75:2:75:Infinity":20,"s:75:19:75:Infinity":21,"s:77:12:77:Infinity":22,"s:78:13:78:Infinity":23,"b:78:28:78:32:78:32:78:Infinity":9,"s:79:16:79:Infinity":24,"s:81:12:81:Infinity":25,"s:83:2:83:Infinity":26,"f:86:16:86:31":6,"b:87:2:87:Infinity:undefined:undefined:undefined:undefined":10,"s:87:2:87:Infinity":27,"s:87:17:87:Infinity":28,"s:89:18:89:Infinity":29,"b:90:2:90:Infinity:undefined:undefined:undefined:undefined":11,"s:90:2:90:Infinity":30,"s:90:20:90:Infinity":31,"s:92:18:92:Infinity":32,"s:93:24:93:Infinity":33,"b:94:2:96:Infinity:undefined:undefined:undefined:undefined":12,"s:94:2:96:Infinity":34,"s:95:4:95:Infinity":35,"b:95:31:95:67:95:67:95:Infinity":13,"s:98:16:98:Infinity":36,"s:99:24:99:Infinity":37,"s:100:2:100:Infinity":38,"b:100:29:100:65:100:65:100:Infinity":14,"f:103:16:103:27":7,"s:104:15:104:Infinity":39,"s:105:2:111:Infinity":40,"f:114:16:114:28":8,"b:115:2:115:Infinity:undefined:undefined:undefined:undefined":15,"s:115:2:115:Infinity":41,"s:115:13:115:Infinity":42,"s:117:14:117:Infinity":43,"s:119:20:119:Infinity":44,"s:120:20:120:Infinity":45,"s:121:20:121:Infinity":46,"s:122:18:122:Infinity":47,"s:123:19:123:Infinity":48,"s:124:22:124:Infinity":49,"b:126:2:126:Infinity:undefined:undefined:undefined:undefined":16,"s:126:2:126:Infinity":50,"b:126:25:126:32:126:32:126:34":17,"s:126:37:126:Infinity":51,"b:127:2:127:Infinity:undefined:undefined:undefined:undefined":18,"s:127:2:127:Infinity":52,"b:127:25:127:32:127:32:127:34":19,"s:127:37:127:Infinity":53,"b:128:2:128:Infinity:undefined:undefined:undefined:undefined":20,"s:128:2:128:Infinity":54,"b:128:25:128:32:128:32:128:34":21,"s:128:37:128:Infinity":55,"b:129:2:129:Infinity:undefined:undefined:undefined:undefined":22,"s:129:2:129:Infinity":56,"b:129:23:129:30:129:30:129:32":23,"s:129:35:129:Infinity":57,"b:130:2:130:Infinity:undefined:undefined:undefined:undefined":24,"s:130:2:130:Infinity":58,"b:130:24:130:31:130:31:130:33":25,"s:130:36:130:Infinity":59,"b:131:2:131:Infinity:undefined:undefined:undefined:undefined":26,"s:131:2:131:Infinity":60,"b:131:27:131:34:131:34:131:36":27,"s:131:39:131:Infinity":61,"s:133:2:133:Infinity":62,"f:136:16:136:28":9,"s:137:14:137:Infinity":63,"s:138:20:138:Infinity":64,"s:139:2:139:Infinity":65,"b:139:28:139:35:139:35:139:37":28,"f:142:16:142:28":10,"s:143:14:143:Infinity":66,"s:144:20:144:Infinity":67,"s:145:2:145:Infinity":68,"b:145:28:145:35:145:35:145:37":29}}}
,"/home/seanbao/work/github/mnemonas/web/src/pages/Dashboard.tsx": {"path":"/home/seanbao/work/github/mnemonas/web/src/pages/Dashboard.tsx","statementMap":{"0":{"start":{"line":25,"column":2},"end":{"line":38,"column":null}},"1":{"start":{"line":51,"column":2},"end":{"line":66,"column":null}},"2":{"start":{"line":71,"column":8},"end":{"line":71,"column":null}},"3":{"start":{"line":73,"column":49},"end":{"line":77,"column":null}},"4":{"start":{"line":79,"column":47},"end":{"line":83,"column":null}},"5":{"start":{"line":85,"column":20},"end":{"line":85,"column":null}},"6":{"start":{"line":87,"column":2},"end":{"line":105,"column":null}},"7":{"start":{"line":88,"column":4},"end":{"line":103,"column":null}},"8":{"start":{"line":96,"column":12},"end":{"line":100,"column":null}},"9":{"start":{"line":107,"column":20},"end":{"line":107,"column":null}},"10":{"start":{"line":109,"column":2},"end":{"line":229,"column":null}},"11":{"start":{"line":186,"column":14},"end":{"line":189,"column":null}},"12":{"start":{"line":203,"column":27},"end":{"line":203,"column":null}},"13":{"start":{"line":210,"column":27},"end":{"line":210,"column":null}},"14":{"start":{"line":217,"column":27},"end":{"line":217,"column":null}},"15":{"start":{"line":224,"column":27},"end":{"line":224,"column":null}}},"fnMap":{"0":{"name":"StatCard","decl":{"start":{"line":24,"column":9},"end":{"line":24,"column":18}},"loc":{"start":{"line":24,"column":84},"end":{"line":40,"column":null}},"line":24},"1":{"name":"QuickAction","decl":{"start":{"line":50,"column":9},"end":{"line":50,"column":21}},"loc":{"start":{"line":50,"column":92},"end":{"line":68,"column":null}},"line":50},"2":{"name":"DashboardPage","decl":{"start":{"line":70,"column":16},"end":{"line":70,"column":32}},"loc":{"start":{"line":70,"column":32},"end":{"line":231,"column":null}},"line":70},"3":{"name":"(anonymous_3)","decl":{"start":{"line":95,"column":28},"end":{"line":95,"column":29}},"loc":{"start":{"line":96,"column":12},"end":{"line":100,"column":null}},"line":96},"4":{"name":"(anonymous_4)","decl":{"start":{"line":185,"column":18},"end":{"line":185,"column":19}},"loc":{"start":{"line":186,"column":14},"end":{"line":189,"column":null}},"line":186},"5":{"name":"(anonymous_5)","decl":{"start":{"line":203,"column":21},"end":{"line":203,"column":27}},"loc":{"start":{"line":203,"column":27},"end":{"line":203,"column":null}},"line":203},"6":{"name":"(anonymous_6)","decl":{"start":{"line":210,"column":21},"end":{"line":210,"column":27}},"loc":{"start":{"line":210,"column":27},"end":{"line":210,"column":null}},"line":210},"7":{"name":"(anonymous_7)","decl":{"start":{"line":217,"column":21},"end":{"line":217,"column":27}},"loc":{"start":{"line":217,"column":27},"end":{"line":217,"column":null}},"line":217},"8":{"name":"(anonymous_8)","decl":{"start":{"line":224,"column":21},"end":{"line":224,"column":27}},"loc":{"start":{"line":224,"column":27},"end":{"line":224,"column":null}},"line":224}},"branchMap":{"0":{"loc":{"start":{"line":35,"column":7},"end":{"line":36,"column":null}},"type":"binary-expr","locations":[{"start":{"line":35,"column":7},"end":{"line":35,"column":null}},{"start":{"line":36,"column":8},"end":{"line":36,"column":null}}],"line":35},"1":{"loc":{"start":{"line":85,"column":20},"end":{"line":85,"column":null}},"type":"binary-expr","locations":[{"start":{"line":85,"column":20},"end":{"line":85,"column":37}},{"start":{"line":85,"column":37},"end":{"line":85,"column":null}}],"line":85},"2":{"loc":{"start":{"line":87,"column":2},"end":{"line":105,"column":null}},"type":"if","locations":[{"start":{"line":87,"column":2},"end":{"line":105,"column":null}},{"start":{},"end":{}}],"line":87},"3":{"loc":{"start":{"line":119,"column":10},"end":{"line":121,"column":null}},"type":"cond-expr","locations":[{"start":{"line":120,"column":14},"end":{"line":120,"column":null}},{"start":{"line":121,"column":14},"end":{"line":121,"column":null}}],"line":119},"4":{"loc":{"start":{"line":123,"column":11},"end":{"line":123,"column":null}},"type":"cond-expr","locations":[{"start":{"line":123,"column":23},"end":{"line":123,"column":52}},{"start":{"line":123,"column":52},"end":{"line":123,"column":null}}],"line":123},"5":{"loc":{"start":{"line":124,"column":17},"end":{"line":124,"column":43}},"type":"cond-expr","locations":[{"start":{"line":124,"column":29},"end":{"line":124,"column":38}},{"start":{"line":124,"column":38},"end":{"line":124,"column":43}}],"line":124},"6":{"loc":{"start":{"line":132,"column":29},"end":{"line":132,"column":50}},"type":"binary-expr","locations":[{"start":{"line":132,"column":29},"end":{"line":132,"column":49}},{"start":{"line":132,"column":49},"end":{"line":132,"column":50}}],"line":132},"7":{"loc":{"start":{"line":138,"column":17},"end":{"line":138,"column":null}},"type":"binary-expr","locations":[{"start":{"line":138,"column":17},"end":{"line":138,"column":58}},{"start":{"line":138,"column":58},"end":{"line":138,"column":null}}],"line":138},"8":{"loc":{"start":{"line":145,"column":22},"end":{"line":145,"column":48}},"type":"binary-expr","locations":[{"start":{"line":145,"column":22},"end":{"line":145,"column":43}},{"start":{"line":145,"column":43},"end":{"line":145,"column":48}}],"line":145},"9":{"loc":{"start":{"line":152,"column":17},"end":{"line":152,"column":null}},"type":"binary-expr","locations":[{"start":{"line":152,"column":17},"end":{"line":152,"column":35}},{"start":{"line":152,"column":35},"end":{"line":152,"column":null}}],"line":152},"10":{"loc":{"start":{"line":169,"column":33},"end":{"line":169,"column":54}},"type":"binary-expr","locations":[{"start":{"line":169,"column":33},"end":{"line":169,"column":53}},{"start":{"line":169,"column":53},"end":{"line":169,"column":54}}],"line":169},"11":{"loc":{"start":{"line":181,"column":38},"end":{"line":181,"column":83}},"type":"binary-expr","locations":[{"start":{"line":181,"column":38},"end":{"line":181,"column":79}},{"start":{"line":181,"column":79},"end":{"line":181,"column":83}}],"line":181},"12":{"loc":{"start":{"line":182,"column":49},"end":{"line":182,"column":70}},"type":"binary-expr","locations":[{"start":{"line":182,"column":49},"end":{"line":182,"column":69}},{"start":{"line":182,"column":69},"end":{"line":182,"column":70}}],"line":182},"13":{"loc":{"start":{"line":183,"column":42},"end":{"line":183,"column":68}},"type":"binary-expr","locations":[{"start":{"line":183,"column":42},"end":{"line":183,"column":63}},{"start":{"line":183,"column":63},"end":{"line":183,"column":68}}],"line":183},"14":{"loc":{"start":{"line":184,"column":36},"end":{"line":184,"column":59}},"type":"binary-expr","locations":[{"start":{"line":184,"column":36},"end":{"line":184,"column":55}},{"start":{"line":184,"column":55},"end":{"line":184,"column":59}}],"line":184}},"s":{"0":84,"1":84,"2":45,"3":45,"4":45,"5":45,"6":45,"7":24,"8":96,"9":21,"10":45,"11":84,"12":1,"13":1,"14":1,"15":1},"f":{"0":84,"1":84,"2":45,"3":96,"4":84,"5":1,"6":1,"7":1,"8":1},"b":{"0":[84,42],"1":[45,21],"2":[24,21],"3":[19,2],"4":[19,2],"5":[19,2],"6":[45,1],"7":[45,1],"8":[45,1],"9":[45,1],"10":[45,1],"11":[45,1],"12":[45,1],"13":[45,1],"14":[45,1]},"meta":{"lastBranch":15,"lastFunction":9,"lastStatement":16,"seen":{"f:24:9:24:18":0,"s:25:2:38:Infinity":0,"b:35:7:35:Infinity:36:8:36:Infinity":0,"f:50:9:50:21":1,"s:51:2:66:Infinity":1,"f:70:16:70:32":2,"s:71:8:71:Infinity":2,"s:73:49:77:Infinity":3,"s:79:47:83:Infinity":4,"s:85:20:85:Infinity":5,"b:85:20:85:37:85:37:85:Infinity":1,"b:87:2:105:Infinity:undefined:undefined:undefined:undefined":2,"s:87:2:105:Infinity":6,"s:88:4:103:Infinity":7,"f:95:28:95:29":3,"s:96:12:100:Infinity":8,"s:107:20:107:Infinity":9,"s:109:2:229:Infinity":10,"b:120:14:120:Infinity:121:14:121:Infinity":3,"b:123:23:123:52:123:52:123:Infinity":4,"b:124:29:124:38:124:38:124:43":5,"b:132:29:132:49:132:49:132:50":6,"b:138:17:138:58:138:58:138:Infinity":7,"b:145:22:145:43:145:43:145:48":8,"b:152:17:152:35:152:35:152:Infinity":9,"b:169:33:169:53:169:53:169:54":10,"b:181:38:181:79:181:79:181:83":11,"b:182:49:182:69:182:69:182:70":12,"b:183:42:183:63:183:63:183:68":13,"b:184:36:184:55:184:55:184:59":14,"f:185:18:185:19":4,"s:186:14:189:Infinity":11,"f:203:21:203:27":5,"s:203:27:203:Infinity":12,"f:210:21:210:27":6,"s:210:27:210:Infinity":13,"f:217:21:217:27":7,"s:217:27:217:Infinity":14,"f:224:21:224:27":8,"s:224:27:224:Infinity":15}}}
,"/home/seanbao/work/github/mnemonas/web/src/pages/Files.tsx": {"path":"/home/seanbao/work/github/mnemonas/web/src/pages/Files.tsx","statementMap":{"0":{"start":{"line":55,"column":8},"end":{"line":55,"column":null}},"1":{"start":{"line":57,"column":92},"end":{"line":66,"column":null}},"2":{"start":{"line":68,"column":15},"end":{"line":68,"column":null}},"3":{"start":{"line":71,"column":41},"end":{"line":80,"column":null}},"4":{"start":{"line":82,"column":16},"end":{"line":82,"column":null}},"5":{"start":{"line":84,"column":2},"end":{"line":91,"column":null}},"6":{"start":{"line":103,"column":19},"end":{"line":103,"column":null}},"7":{"start":{"line":105,"column":2},"end":{"line":141,"column":null}},"8":{"start":{"line":108,"column":23},"end":{"line":108,"column":null}},"9":{"start":{"line":121,"column":28},"end":{"line":121,"column":null}},"10":{"start":{"line":122,"column":23},"end":{"line":122,"column":null}},"11":{"start":{"line":124,"column":8},"end":{"line":138,"column":null}},"12":{"start":{"line":128,"column":29},"end":{"line":128,"column":null}},"13":{"start":{"line":163,"column":8},"end":{"line":172,"column":null}},"14":{"start":{"line":165,"column":24},"end":{"line":165,"column":null}},"15":{"start":{"line":166,"column":17},"end":{"line":166,"column":null}},"16":{"start":{"line":167,"column":4},"end":{"line":167,"column":null}},"17":{"start":{"line":168,"column":4},"end":{"line":168,"column":null}},"18":{"start":{"line":169,"column":4},"end":{"line":169,"column":null}},"19":{"start":{"line":170,"column":4},"end":{"line":170,"column":null}},"20":{"start":{"line":171,"column":4},"end":{"line":171,"column":null}},"21":{"start":{"line":174,"column":8},"end":{"line":177,"column":null}},"22":{"start":{"line":175,"column":4},"end":{"line":175,"column":null}},"23":{"start":{"line":176,"column":4},"end":{"line":176,"column":null}},"24":{"start":{"line":179,"column":2},"end":{"line":301,"column":null}},"25":{"start":{"line":188,"column":8},"end":{"line":188,"column":null}},"26":{"start":{"line":192,"column":72},"end":{"line":192,"column":null}},"27":{"start":{"line":235,"column":72},"end":{"line":235,"column":null}},"28":{"start":{"line":307,"column":2},"end":{"line":307,"column":null}},"29":{"start":{"line":307,"column":13},"end":{"line":307,"column":null}},"30":{"start":{"line":309,"column":2},"end":{"line":356,"column":null}},"31":{"start":{"line":378,"column":8},"end":{"line":386,"column":null}},"32":{"start":{"line":379,"column":24},"end":{"line":379,"column":null}},"33":{"start":{"line":380,"column":17},"end":{"line":380,"column":null}},"34":{"start":{"line":381,"column":4},"end":{"line":381,"column":null}},"35":{"start":{"line":382,"column":4},"end":{"line":382,"column":null}},"36":{"start":{"line":383,"column":4},"end":{"line":383,"column":null}},"37":{"start":{"line":384,"column":4},"end":{"line":384,"column":null}},"38":{"start":{"line":385,"column":4},"end":{"line":385,"column":null}},"39":{"start":{"line":388,"column":8},"end":{"line":391,"column":null}},"40":{"start":{"line":389,"column":4},"end":{"line":389,"column":null}},"41":{"start":{"line":390,"column":4},"end":{"line":390,"column":null}},"42":{"start":{"line":393,"column":2},"end":{"line":505,"column":null}},"43":{"start":{"line":405,"column":24},"end":{"line":405,"column":null}},"44":{"start":{"line":423,"column":24},"end":{"line":423,"column":null}},"45":{"start":{"line":510,"column":8},"end":{"line":510,"column":null}},"46":{"start":{"line":511,"column":8},"end":{"line":511,"column":null}},"47":{"start":{"line":512,"column":8},"end":{"line":512,"column":null}},"48":{"start":{"line":513,"column":8},"end":{"line":513,"column":null}},"49":{"start":{"line":516,"column":86},"end":{"line":516,"column":null}},"50":{"start":{"line":517,"column":77},"end":{"line":517,"column":null}},"51":{"start":{"line":518,"column":77},"end":{"line":518,"column":null}},"52":{"start":{"line":519,"column":92},"end":{"line":519,"column":null}},"53":{"start":{"line":521,"column":40},"end":{"line":521,"column":null}},"54":{"start":{"line":522,"column":36},"end":{"line":522,"column":null}},"55":{"start":{"line":523,"column":34},"end":{"line":523,"column":null}},"56":{"start":{"line":524,"column":42},"end":{"line":524,"column":null}},"57":{"start":{"line":527,"column":34},"end":{"line":527,"column":null}},"58":{"start":{"line":528,"column":8},"end":{"line":528,"column":null}},"59":{"start":{"line":531,"column":36},"end":{"line":531,"column":null}},"60":{"start":{"line":532,"column":36},"end":{"line":532,"column":null}},"61":{"start":{"line":545,"column":2},"end":{"line":545,"column":null}},"62":{"start":{"line":547,"column":26},"end":{"line":550,"column":null}},"63":{"start":{"line":549,"column":13},"end":{"line":549,"column":null}},"64":{"start":{"line":553,"column":8},"end":{"line":562,"column":null}},"65":{"start":{"line":556,"column":6},"end":{"line":556,"column":null}},"66":{"start":{"line":557,"column":6},"end":{"line":557,"column":null}},"67":{"start":{"line":560,"column":6},"end":{"line":560,"column":null}},"68":{"start":{"line":564,"column":8},"end":{"line":575,"column":null}},"69":{"start":{"line":567,"column":6},"end":{"line":567,"column":null}},"70":{"start":{"line":568,"column":6},"end":{"line":568,"column":null}},"71":{"start":{"line":569,"column":6},"end":{"line":569,"column":null}},"72":{"start":{"line":570,"column":6},"end":{"line":570,"column":null}},"73":{"start":{"line":573,"column":6},"end":{"line":573,"column":null}},"74":{"start":{"line":577,"column":8},"end":{"line":588,"column":null}},"75":{"start":{"line":578,"column":28},"end":{"line":578,"column":null}},"76":{"start":{"line":580,"column":6},"end":{"line":580,"column":null}},"77":{"start":{"line":581,"column":6},"end":{"line":581,"column":null}},"78":{"start":{"line":582,"column":6},"end":{"line":582,"column":null}},"79":{"start":{"line":583,"column":6},"end":{"line":583,"column":null}},"80":{"start":{"line":586,"column":6},"end":{"line":586,"column":null}},"81":{"start":{"line":591,"column":8},"end":{"line":606,"column":null}},"82":{"start":{"line":592,"column":4},"end":{"line":592,"column":null}},"83":{"start":{"line":592,"column":22},"end":{"line":592,"column":null}},"84":{"start":{"line":594,"column":4},"end":{"line":605,"column":null}},"85":{"start":{"line":595,"column":6},"end":{"line":597,"column":null}},"86":{"start":{"line":596,"column":8},"end":{"line":596,"column":null}},"87":{"start":{"line":598,"column":23},"end":{"line":598,"column":null}},"88":{"start":{"line":599,"column":6},"end":{"line":603,"column":null}},"89":{"start":{"line":600,"column":21},"end":{"line":600,"column":64}},"90":{"start":{"line":600,"column":64},"end":{"line":600,"column":null}},"91":{"start":{"line":601,"column":21},"end":{"line":601,"column":51}},"92":{"start":{"line":601,"column":51},"end":{"line":601,"column":null}},"93":{"start":{"line":602,"column":24},"end":{"line":602,"column":100}},"94":{"start":{"line":602,"column":100},"end":{"line":602,"column":null}},"95":{"start":{"line":604,"column":6},"end":{"line":604,"column":null}},"96":{"start":{"line":608,"column":8},"end":{"line":613,"column":null}},"97":{"start":{"line":610,"column":28},"end":{"line":610,"column":null}},"98":{"start":{"line":611,"column":24},"end":{"line":611,"column":null}},"99":{"start":{"line":615,"column":8},"end":{"line":625,"column":null}},"100":{"start":{"line":616,"column":4},"end":{"line":624,"column":null}},"101":{"start":{"line":617,"column":6},"end":{"line":617,"column":null}},"102":{"start":{"line":620,"column":6},"end":{"line":623,"column":null}},"103":{"start":{"line":621,"column":8},"end":{"line":621,"column":null}},"104":{"start":{"line":622,"column":8},"end":{"line":622,"column":null}},"105":{"start":{"line":627,"column":8},"end":{"line":633,"column":null}},"106":{"start":{"line":628,"column":4},"end":{"line":632,"column":null}},"107":{"start":{"line":629,"column":6},"end":{"line":629,"column":null}},"108":{"start":{"line":631,"column":6},"end":{"line":631,"column":null}},"109":{"start":{"line":631,"column":37},"end":{"line":631,"column":43}},"110":{"start":{"line":635,"column":8},"end":{"line":639,"column":null}},"111":{"start":{"line":636,"column":4},"end":{"line":636,"column":null}},"112":{"start":{"line":636,"column":31},"end":{"line":636,"column":null}},"113":{"start":{"line":637,"column":17},"end":{"line":637,"column":null}},"114":{"start":{"line":638,"column":4},"end":{"line":638,"column":null}},"115":{"start":{"line":641,"column":8},"end":{"line":646,"column":null}},"116":{"start":{"line":642,"column":4},"end":{"line":642,"column":null}},"117":{"start":{"line":642,"column":44},"end":{"line":642,"column":null}},"118":{"start":{"line":643,"column":23},"end":{"line":643,"column":null}},"119":{"start":{"line":644,"column":20},"end":{"line":644,"column":null}},"120":{"start":{"line":645,"column":4},"end":{"line":645,"column":null}},"121":{"start":{"line":648,"column":8},"end":{"line":653,"column":null}},"122":{"start":{"line":649,"column":4},"end":{"line":649,"column":null}},"123":{"start":{"line":649,"column":21},"end":{"line":649,"column":null}},"124":{"start":{"line":650,"column":4},"end":{"line":650,"column":null}},"125":{"start":{"line":651,"column":4},"end":{"line":651,"column":null}},"126":{"start":{"line":652,"column":4},"end":{"line":652,"column":null}},"127":{"start":{"line":656,"column":8},"end":{"line":660,"column":null}},"128":{"start":{"line":657,"column":4},"end":{"line":657,"column":null}},"129":{"start":{"line":658,"column":4},"end":{"line":658,"column":null}},"130":{"start":{"line":659,"column":4},"end":{"line":659,"column":null}},"131":{"start":{"line":662,"column":8},"end":{"line":665,"column":null}},"132":{"start":{"line":663,"column":4},"end":{"line":663,"column":null}},"133":{"start":{"line":664,"column":4},"end":{"line":664,"column":null}},"134":{"start":{"line":66
[...]
{"start":{"line":180,"column":30},"end":{"line":180,"column":null}},"type":"binary-expr","locations":[{"start":{"line":180,"column":30},"end":{"line":180,"column":51}},{"start":{"line":180,"column":51},"end":{"line":180,"column":null}}],"line":180},"7":{"loc":{"start":{"line":199,"column":7},"end":{"line":262,"column":null}},"type":"binary-expr","locations":[{"start":{"line":199,"column":7},"end":{"line":199,"column":null}},{"start":{"line":200,"column":8},"end":{"line":262,"column":null}}],"line":199},"8":{"loc":{"start":{"line":209,"column":11},"end":{"line":260,"column":null}},"type":"cond-expr","locations":[{"start":{"line":210,"column":12},"end":{"line":214,"column":null}},{"start":{"line":215,"column":14},"end":{"line":260,"column":null}}],"line":209},"9":{"loc":{"start":{"line":215,"column":14},"end":{"line":260,"column":null}},"type":"cond-expr","locations":[{"start":{"line":216,"column":12},"end":{"line":222,"column":null}},{"start":{"line":223,"column":14},"end":{"line":260,"column":null}}],"line":215},"10":{"loc":{"start":{"line":223,"column":14},"end":{"line":260,"column":null}},"type":"cond-expr","locations":[{"start":{"line":224,"column":12},"end":{"line":252,"column":null}},{"start":{"line":254,"column":12},"end":{"line":260,"column":null}}],"line":223},"11":{"loc":{"start":{"line":223,"column":14},"end":{"line":223,"column":null}},"type":"binary-expr","locations":[{"start":{"line":223,"column":14},"end":{"line":223,"column":26}},{"start":{"line":223,"column":26},"end":{"line":223,"column":null}}],"line":223},"12":{"loc":{"start":{"line":266,"column":7},"end":{"line":280,"column":null}},"type":"binary-expr","locations":[{"start":{"line":266,"column":7},"end":{"line":266,"column":null}},{"start":{"line":267,"column":8},"end":{"line":280,"column":null}}],"line":266},"13":{"loc":{"start":{"line":303,"column":15},"end":{"line":317,"column":null}},"type":"binary-expr","locations":[{"start":{"line":303,"column":15},"end":{"line":303,"column":null}},{"start":{"line":304,"column":16},"end":{"line":317,"column":null}}],"line":303}},"s":{"0":41,"1":186,"2":186,"3":186,"4":186,"5":186,"6":186,"7":14,"8":186,"9":1,"10":1,"11":1,"12":1,"13":186,"14":13,"15":13,"16":186,"17":2,"18":2,"19":186,"20":1,"21":1,"22":186,"23":0,"24":186,"25":152,"26":39,"27":41,"28":0,"29":2,"30":0},"f":{"0":41,"1":186,"2":14,"3":1,"4":1,"5":13,"6":2,"7":1,"8":0,"9":152,"10":39,"11":41,"12":0,"13":2,"14":0},"b":{"0":[41,14],"1":[41,27],"2":[13,0],"3":[12,1],"4":[1,0],"5":[1,1],"6":[152,12],"7":[186,29],"8":[13,16],"9":[1,15],"10":[14,1],"11":[15,15],"12":[186,157],"13":[186,3]},"meta":{"lastBranch":14,"lastFunction":15,"lastStatement":31,"seen":{"f:45:9:45:20":0,"s:46:2:111:Infinity":0,"b:53:11:53:Infinity:54:12:56:Infinity":0,"b:96:11:96:Infinity:97:12:107:Infinity":1,"f:115:16:115:31":1,"s:116:34:116:Infinity":1,"s:117:38:117:Infinity":2,"s:118:44:118:Infinity":3,"s:119:34:119:Infinity":4,"s:120:8:120:Infinity":5,"s:122:43:126:Infinity":6,"f:124:13:124:19":2,"s:124:13:124:Infinity":7,"s:128:8:137:Infinity":8,"f:129:16:129:23":3,"s:130:6:130:Infinity":9,"f:132:15:132:21":4,"s:133:6:133:Infinity":10,"s:134:6:134:Infinity":11,"s:135:6:135:Infinity":12,"s:139:23:143:Infinity":13,"f:139:23:139:29":5,"b:140:4:142:Infinity:undefined:undefined:undefined:undefined":2,"s:140:4:142:Infinity":14,"s:141:6:141:Infinity":15,"b:141:51:141:64:141:64:141:80":3,"s:145:24:148:Infinity":16,"f:145:24:145:25":6,"s:146:4:146:Infinity":17,"s:147:4:147:Infinity":18,"s:150:25:154:Infinity":19,"f:150:25:150:31":7,"b:151:4:153:Infinity:undefined:undefined:undefined:undefined":4,"s:151:4:153:Infinity":20,"b:151:8:151:24:151:24:151:41":5,"s:152:6:152:Infinity":21,"s:156:25:158:Infinity":22,"f:156:25:156:26":8,"s:157:4:157:Infinity":23,"s:160:2:339:Infinity":24,"f:180:23:180:24":9,"s:180:30:180:Infinity":25,"b:180:30:180:51:180:51:180:Infinity":6,"b:199:7:199:Infinity:200:8:262:Infinity":7,"b:210:12:214:Infinity:215:14:260:Infinity":8,"f:211:29:211:30":10,"s:212:16:212:Infinity":26,"b:216:12:222:Infinity:223:14:260:Infinity":9,"b:224:12:252:Infinity:254:12:260:Infinity":10,"b:223:14:223:26:223:26:223:Infinity":11,"f:240:30:240:31":11,"s:241:18:249:Infinity":27,"f:246:31:246:37":12,"s:246:37:246:Infinity":28,"f:247:31:247:37":13,"s:247:37:247:Infinity":29,"f:248:32:248:38":14,"s:248:38:248:Infinity":30,"b:266:7:266:Infinity:267:8:280:Infinity":12,"b:303:15:303:Infinity:304:16:317:Infinity":13}}}
,"/home/seanbao/work/github/mnemonas/web/src/stores/files.ts": {"path":"/home/seanbao/work/github/mnemonas/web/src/stores/files.ts","statementMap":{"0":{"start":{"line":32,"column":13},"end":{"line":72,"column":null}},"1":{"start":{"line":32,"column":58},"end":{"line":72,"column":2}},"2":{"start":{"line":39,"column":28},"end":{"line":39,"column":null}},"3":{"start":{"line":41,"column":24},"end":{"line":43,"column":null}},"4":{"start":{"line":41,"column":40},"end":{"line":43,"column":4}},"5":{"start":{"line":45,"column":26},"end":{"line":49,"column":null}},"6":{"start":{"line":46,"column":19},"end":{"line":46,"column":null}},"7":{"start":{"line":47,"column":4},"end":{"line":47,"column":null}},"8":{"start":{"line":48,"column":4},"end":{"line":48,"column":null}},"9":{"start":{"line":51,"column":33},"end":{"line":59,"column":null}},"10":{"start":{"line":52,"column":19},"end":{"line":52,"column":null}},"11":{"start":{"line":53,"column":4},"end":{"line":57,"column":null}},"12":{"start":{"line":54,"column":6},"end":{"line":54,"column":null}},"13":{"start":{"line":56,"column":6},"end":{"line":56,"column":null}},"14":{"start":{"line":58,"column":4},"end":{"line":58,"column":null}},"15":{"start":{"line":61,"column":24},"end":{"line":61,"column":null}},"16":{"start":{"line":63,"column":24},"end":{"line":63,"column":null}},"17":{"start":{"line":65,"column":25},"end":{"line":65,"column":null}},"18":{"start":{"line":67,"column":25},"end":{"line":67,"column":null}},"19":{"start":{"line":69,"column":25},"end":{"line":71,"column":null}},"20":{"start":{"line":69,"column":41},"end":{"line":71,"column":4}}},"fnMap":{"0":{"name":"(anonymous_0)","decl":{"start":{"line":32,"column":48},"end":{"line":32,"column":49}},"loc":{"start":{"line":32,"column":58},"end":{"line":72,"column":2}},"line":32},"1":{"name":"(anonymous_1)","decl":{"start":{"line":39,"column":18},"end":{"line":39,"column":19}},"loc":{"start":{"line":39,"column":28},"end":{"line":39,"column":null}},"line":39},"2":{"name":"(anonymous_2)","decl":{"start":{"line":41,"column":14},"end":{"line":41,"column":15}},"loc":{"start":{"line":41,"column":24},"end":{"line":43,"column":null}},"line":41},"3":{"name":"(anonymous_3)","decl":{"start":{"line":41,"column":28},"end":{"line":41,"column":29}},"loc":{"start":{"line":41,"column":40},"end":{"line":43,"column":4}},"line":41},"4":{"name":"(anonymous_4)","decl":{"start":{"line":45,"column":16},"end":{"line":45,"column":17}},"loc":{"start":{"line":45,"column":26},"end":{"line":49,"column":null}},"line":45},"5":{"name":"(anonymous_5)","decl":{"start":{"line":45,"column":30},"end":{"line":45,"column":31}},"loc":{"start":{"line":45,"column":41},"end":{"line":49,"column":3}},"line":45},"6":{"name":"(anonymous_6)","decl":{"start":{"line":51,"column":23},"end":{"line":51,"column":24}},"loc":{"start":{"line":51,"column":33},"end":{"line":59,"column":null}},"line":51},"7":{"name":"(anonymous_7)","decl":{"start":{"line":51,"column":37},"end":{"line":51,"column":38}},"loc":{"start":{"line":51,"column":48},"end":{"line":59,"column":3}},"line":51},"8":{"name":"(anonymous_8)","decl":{"start":{"line":61,"column":13},"end":{"line":61,"column":14}},"loc":{"start":{"line":61,"column":24},"end":{"line":61,"column":null}},"line":61},"9":{"name":"(anonymous_9)","decl":{"start":{"line":63,"column":18},"end":{"line":63,"column":24}},"loc":{"start":{"line":63,"column":24},"end":{"line":63,"column":null}},"line":63},"10":{"name":"(anonymous_10)","decl":{"start":{"line":65,"column":15},"end":{"line":65,"column":16}},"loc":{"start":{"line":65,"column":25},"end":{"line":65,"column":null}},"line":65},"11":{"name":"(anonymous_11)","decl":{"start":{"line":67,"column":13},"end":{"line":67,"column":14}},"loc":{"start":{"line":67,"column":25},"end":{"line":67,"column":null}},"line":67},"12":{"name":"(anonymous_12)","decl":{"start":{"line":69,"column":19},"end":{"line":69,"column":25}},"loc":{"start":{"line":69,"column":25},"end":{"line":71,"column":null}},"line":69},"13":{"name":"(anonymous_13)","decl":{"start":{"line":69,"column":29},"end":{"line":69,"column":30}},"loc":{"start":{"line":69,"column":41},"end":{"line":71,"column":4}},"line":69}},"branchMap":{"0":{"loc":{"start":{"line":53,"column":4},"end":{"line":57,"column":null}},"type":"if","locations":[{"start":{"line":53,"column":4},"end":{"line":57,"column":null}},{"start":{"line":55,"column":11},"end":{"line":57,"column":null}}],"line":53},"1":{"loc":{"start":{"line":70,"column":15},"end":{"line":70,"column":null}},"type":"cond-expr","locations":[{"start":{"line":70,"column":43},"end":{"line":70,"column":52}},{"start":{"line":70,"column":52},"end":{"line":70,"column":null}}],"line":70}},"s":{"0":1,"1":1,"2":2,"3":10,"4":10,"5":2,"6":2,"7":2,"8":2,"9":2,"10":2,"11":2,"12":1,"13":1,"14":2,"15":2,"16":1,"17":3,"18":3,"19":2,"20":2},"f":{"0":1,"1":2,"2":10,"3":10,"4":2,"5":2,"6":2,"7":2,"8":2,"9":1,"10":3,"11":3,"12":2,"13":2},"b":{"0":[1,1],"1":[1,1]},"meta":{"lastBranch":2,"lastFunction":14,"lastStatement":21,"seen":{"s:32:13:72:Infinity":0,"f:32:48:32:49":0,"s:32:58:72:2":1,"f:39:18:39:19":1,"s:39:28:39:Infinity":2,"f:41:14:41:15":2,"s:41:24:43:Infinity":3,"f:41:28:41:29":3,"s:41:40:43:4":4,"f:45:16:45:17":4,"s:45:26:49:Infinity":5,"f:45:30:45:31":5,"s:46:19:46:Infinity":6,"s:47:4:47:Infinity":7,"s:48:4:48:Infinity":8,"f:51:23:51:24":6,"s:51:33:59:Infinity":9,"f:51:37:51:38":7,"s:52:19:52:Infinity":10,"b:53:4:57:Infinity:55:11:57:Infinity":0,"s:53:4:57:Infinity":11,"s:54:6:54:Infinity":12,"s:56:6:56:Infinity":13,"s:58:4:58:Infinity":14,"f:61:13:61:14":8,"s:61:24:61:Infinity":15,"f:63:18:63:24":9,"s:63:24:63:Infinity":16,"f:65:15:65:16":10,"s:65:25:65:Infinity":17,"f:67:13:67:14":11,"s:67:25:67:Infinity":18,"f:69:19:69:25":12,"s:69:25:71:Infinity":19,"f:69:29:69:30":13,"s:69:41:71:4":20,"b:70:43:70:52:70:52:70:Infinity":1}}}
,"/home/seanbao/work/github/mnemonas/web/src/stores/theme.ts": {"path":"/home/seanbao/work/github/mnemonas/web/src/stores/theme.ts","statementMap":{"0":{"start":{"line":12,"column":23},"end":{"line":15,"column":null}},"1":{"start":{"line":13,"column":2},"end":{"line":13,"column":null}},"2":{"start":{"line":13,"column":37},"end":{"line":13,"column":null}},"3":{"start":{"line":14,"column":2},"end":{"line":14,"column":null}},"4":{"start":{"line":18,"column":19},"end":{"line":26,"column":null}},"5":{"start":{"line":19,"column":2},"end":{"line":19,"column":null}},"6":{"start":{"line":19,"column":39},"end":{"line":19,"column":null}},"7":{"start":{"line":21,"column":2},"end":{"line":25,"column":null}},"8":{"start":{"line":22,"column":4},"end":{"line":22,"column":null}},"9":{"start":{"line":24,"column":4},"end":{"line":24,"column":null}},"10":{"start":{"line":29,"column":24},"end":{"line":49,"column":null}},"11":{"start":{"line":30,"column":2},"end":{"line":30,"column":null}},"12":{"start":{"line":30,"column":37},"end":{"line":30,"column":null}},"13":{"start":{"line":32,"column":2},"end":{"line":45,"column":null}},"14":{"start":{"line":33,"column":19},"end":{"line":33,"column":null}},"15":{"start":{"line":34,"column":4},"end":{"line":42,"column":null}},"16":{"start":{"line":35,"column":21},"end":{"line":35,"column":null}},"17":{"start":{"line":36,"column":20},"end":{"line":36,"column":null}},"18":{"start":{"line":37,"column":6},"end":{"line":41,"column":null}},"19":{"start":{"line":38,"column":25},"end":{"line":38,"column":null}},"20":{"start":{"line":39,"column":8},"end":{"line":39,"column":null}},"21":{"start":{"line":40,"column":8},"end":{"line":40,"column":null}},"22":{"start":{"line":48,"column":2},"end":{"line":48,"column":null}},"23":{"start":{"line":52,"column":0},"end":{"line":52,"column":null}},"24":{"start":{"line":54,"column":13},"end":{"line":77,"column":null}},"25":{"start":{"line":56,"column":14},"end":{"line":64,"column":null}},"26":{"start":{"line":60,"column":25},"end":{"line":60,"column":null}},"27":{"start":{"line":61,"column":8},"end":{"line":61,"column":null}},"28":{"start":{"line":62,"column":8},"end":{"line":62,"column":null}},"29":{"start":{"line":67,"column":32},"end":{"line":74,"column":null}},"30":{"start":{"line":68,"column":8},"end":{"line":73,"column":null}},"31":{"start":{"line":69,"column":27},"end":{"line":69,"column":null}},"32":{"start":{"line":71,"column":10},"end":{"line":71,"column":null}},"33":{"start":{"line":72,"column":10},"end":{"line":72,"column":null}},"34":{"start":{"line":80,"column":0},"end":{"line":89,"column":null}},"35":{"start":{"line":81,"column":2},"end":{"line":88,"column":null}},"36":{"start":{"line":82,"column":18},"end":{"line":82,"column":null}},"37":{"start":{"line":83,"column":4},"end":{"line":87,"column":null}},"38":{"start":{"line":84,"column":23},"end":{"line":84,"column":null}},"39":{"start":{"line":85,"column":6},"end":{"line":85,"column":null}},"40":{"start":{"line":86,"column":6},"end":{"line":86,"column":null}}},"fnMap":{"0":{"name":"(anonymous_0)","decl":{"start":{"line":12,"column":23},"end":{"line":12,"column":47}},"loc":{"start":{"line":12,"column":47},"end":{"line":15,"column":null}},"line":12},"1":{"name":"(anonymous_1)","decl":{"start":{"line":18,"column":19},"end":{"line":18,"column":20}},"loc":{"start":{"line":18,"column":51},"end":{"line":26,"column":null}},"line":18},"2":{"name":"(anonymous_2)","decl":{"start":{"line":29,"column":24},"end":{"line":29,"column":30}},"loc":{"start":{"line":29,"column":30},"end":{"line":49,"column":null}},"line":29},"3":{"name":"(anonymous_3)","decl":{"start":{"line":56,"column":4},"end":{"line":56,"column":5}},"loc":{"start":{"line":56,"column":14},"end":{"line":64,"column":null}},"line":56},"4":{"name":"(anonymous_4)","decl":{"start":{"line":59,"column":16},"end":{"line":59,"column":17}},"loc":{"start":{"line":59,"column":27},"end":{"line":63,"column":null}},"line":59},"5":{"name":"(anonymous_5)","decl":{"start":{"line":67,"column":26},"end":{"line":67,"column":32}},"loc":{"start":{"line":67,"column":32},"end":{"line":74,"column":null}},"line":67},"6":{"name":"(anonymous_6)","decl":{"start":{"line":67,"column":32},"end":{"line":67,"column":33}},"loc":{"start":{"line":67,"column":43},"end":{"line":74,"column":null}},"line":67},"7":{"name":"(anonymous_7)","decl":{"start":{"line":81,"column":79},"end":{"line":81,"column":85}},"loc":{"start":{"line":81,"column":85},"end":{"line":88,"column":3}},"line":81}},"branchMap":{"0":{"loc":{"start":{"line":13,"column":2},"end":{"line":13,"column":null}},"type":"if","locations":[{"start":{"line":13,"column":2},"end":{"line":13,"column":null}},{"start":{},"end":{}}],"line":13},"1":{"loc":{"start":{"line":14,"column":9},"end":{"line":14,"column":null}},"type":"cond-expr","locations":[{"start":{"line":14,"column":69},"end":{"line":14,"column":78}},{"start":{"line":14,"column":78},"end":{"line":14,"column":null}}],"line":14},"2":{"loc":{"start":{"line":19,"column":2},"end":{"line":19,"column":null}},"type":"if","locations":[{"start":{"line":19,"column":2},"end":{"line":19,"column":null}},{"start":{},"end":{}}],"line":19},"3":{"loc":{"start":{"line":21,"column":2},"end":{"line":25,"column":null}},"type":"if","locations":[{"start":{"line":21,"column":2},"end":{"line":25,"column":null}},{"start":{"line":23,"column":9},"end":{"line":25,"column":null}}],"line":21},"4":{"loc":{"start":{"line":30,"column":2},"end":{"line":30,"column":null}},"type":"if","locations":[{"start":{"line":30,"column":2},"end":{"line":30,"column":null}},{"start":{},"end":{}}],"line":30},"5":{"loc":{"start":{"line":34,"column":4},"end":{"line":42,"column":null}},"type":"if","locations":[{"start":{"line":34,"column":4},"end":{"line":42,"column":null}},{"start":{},"end":{}}],"line":34},"6":{"loc":{"start":{"line":37,"column":6},"end":{"line":41,"column":null}},"type":"if","locations":[{"start":{"line":37,"column":6},"end":{"line":41,"column":null}},{"start":{},"end":{}}],"line":37},"7":{"loc":{"start":{"line":38,"column":25},"end":{"line":38,"column":null}},"type":"cond-expr","locations":[{"start":{"line":38,"column":46},"end":{"line":38,"column":65}},{"start":{"line":38,"column":65},"end":{"line":38,"column":null}}],"line":38},"8":{"loc":{"start":{"line":60,"column":25},"end":{"line":60,"column":null}},"type":"cond-expr","locations":[{"start":{"line":60,"column":46},"end":{"line":60,"column":65}},{"start":{"line":60,"column":65},"end":{"line":60,"column":null}}],"line":60},"9":{"loc":{"start":{"line":68,"column":8},"end":{"line":73,"column":null}},"type":"if","locations":[{"start":{"line":68,"column":8},"end":{"line":73,"column":null}},{"start":{},"end":{}}],"line":68},"10":{"loc":{"start":{"line":69,"column":27},"end":{"line":69,"column":null}},"type":"cond-expr","locations":[{"start":{"line":69,"column":54},"end":{"line":69,"column":73}},{"start":{"line":69,"column":73},"end":{"line":69,"column":null}}],"line":69},"11":{"loc":{"start":{"line":80,"column":0},"end":{"line":89,"column":null}},"type":"if","locations":[{"start":{"line":80,"column":0},"end":{"line":89,"column":null}},{"start":{},"end":{}}],"line":80},"12":{"loc":{"start":{"line":83,"column":4},"end":{"line":87,"column":null}},"type":"if","locations":[{"start":{"line":83,"column":4},"end":{"line":87,"column":null}},{"start":{},"end":{}}],"line":83}},"s":{"0":1,"1":5,"2":0,"3":5,"4":1,"5":31,"6":0,"7":31,"8":14,"9":17,"10":1,"11":1,"12":0,"13":1,"14":1,"15":1,"16":0,"17":0,"18":0,"19":0,"20":0,"21":0,"22":1,"23":1,"24":1,"25":1,"26":29,"27":29,"28":29,"29":1,"30":1,"31":1,"32":1,"33":1,"34":1,"35":1,"36":0,"37":0,"38":0,"39":0,"40":0},"f":{"0":5,"1":31,"2":1,"3":1,"4":29,"5":1,"6":1,"7":0},"b":{"0":[0,5],"1":[1,4],"2":[0,31],"3":[14,17],"4":[0,1],"5":[0,1],"6":[0,0],"7":[0,0],"8":[5,24],"9":[1,0],"10":[0,1],"11":[1,0],"12":[0,0]},"meta":{"lastBranch":13,"lastFunction":8,"lastStatement":41,"seen":{"s:12:23:15:Infinity":0,"f:12:23:12:47":0,"b:13:2:13:Infinity:undefined:undefined:undefined:undefined":0,"s:13:2:13:Infinity":1,"s:13:37:13:Infinity":2,"s:14:2:14:Infinity":3,"b:14:69:14:78:14:78:14:Infinity":1,"s:18:19:26:Infinity":4,"f:18:19:18:20":1,"b:19:2:19:Infinity:undefined:undefined:undefined:undefined":2,"s:19:2:19:Infinity":5,"s:19:39:19:Infinity":6,"b:21:2:25:Infinity:23:9:25:Infinity":3,"s:21:2:25:Infinity":7,"s:22:4:22:Infinity":8,"s:24:4:24:Infinity":9,"s:29:24:49:Infinity":10,"f:29:24:29:30":2,"b:30:2:30:Infinity:undefined:undefined:undefined:undefined":4,"s:30:2:30:Infinity":11,"s:30:37:30:Infinity":12,"s:32:2:45:Infinity":13,"s:33:19:33:Infinity":14,"b:34:4:42:Infinity:undefined:undefined:undefined:undefined":5,"s:34:4:42:Infinity":15,"s:35:21:35:Infinity":16,"s:36:20:36:Infinity":17,"b:37:6:41:Infinity:undefined:undefined:undefined:undefined":6,"s:37:6:41:Infinity":18,"s:38:25:38:Infinity":19,"b:38:46:38:65:38:65:38:Infinity":7,"s:39:8:39:Infinity":20,"s:40:8:40:Infinity":21,"s:48:2:48:Infinity":22,"s:52:0:52:Infinity":23,"s:54:13:77:Infinity":24,"f:56:4:56:5":3,"s:56:14:64:Infinity":25,"f:59:16:59:17":4,"s:60:25:60:Infinity":26,"b:60:46:60:65:60:65:60:Infinity":8,"s:61:8:61:Infinity":27,"s:62:8:62:Infinity":28,"f:67:26:67:32":5,"s:67:32:74:Infinity":29,"f:67:32:67:33":6,"b:68:8:73:Infinity:undefined:undefined:undefined:undefined":9,"s:68:8:73:Infinity":30,"s:69:27:69:Infinity":31,"b:69:54:69:73:69:73:69:Infinity":10,"s:71:10:71:Infinity":32,"s:72:10:72:Infinity":33,"b:80:0:89:Infinity:undefined:undefined:undefined:undefined":11,"s:80:0:89:Infinity":34,"s:81:2:88:Infinity":35,"f:81:79:81:85":7,"s:82:18:82:Infinity":36,"b:83:4:87:Infinity:undefined:undefined:undefined:undefined":12,"s:83:4:87:Infinity":37,"s:84:23:84:Infinity":38,"s:85:6:85:Infinity":39,"s:86:6:86:Infinity":40}}}
}
